2024-03-14 20:58:45,445 [INFO] Activator:176 - 


2024-03-14 20:58:45,448 [INFO] Activator:177 - !SESSION log4j initialized
2024-03-14 20:58:47,605 [ERROR] LogOutputStream:75 - [STDERR_REDIRECT] Warning: NLS unused message: ?????????????????????? in: org.eclipse.ui.views.markers.internal.messages
2024-03-14 20:58:49,107 [INFO] LogOutputStream:77 - [STDOUT_REDIRECT] 
2024-03-14 20:58:50,900 [INFO] ApplicationProperties:184 - Using Application install path: D:\Program Files\STM32CubeIDE_1.14.0\STM32CubeIDE\plugins\com.st.stm32cube.common.mx_6.10.0.202311202037
2024-03-14 20:58:50,910 [INFO] DbMcusXml:78 - Set database path to: D:\Program Files\STM32CubeIDE_1.14.0\STM32CubeIDE\plugins\com.st.stm32cube.common.mx_6.10.0.202311202037\\db\/mcu/
2024-03-14 20:58:50,910 [INFO] ApiDb:274 - Set plugin database path to: D:\Program Files\STM32CubeIDE_1.14.0\STM32CubeIDE\plugins\com.st.stm32cube.common.mx_6.10.0.202311202037\\db\/plugins/boardmanager/
2024-03-14 20:58:50,910 [WARN] ApiDb:259 - Overriding images path with different value:  => D:\Program Files\STM32CubeIDE_1.14.0\STM32CubeIDE\plugins\com.st.stm32cube.common.mx_6.10.0.202311202037\\db\/plugins/mcufinder/images/
2024-03-14 20:58:50,913 [INFO] ApiDb:250 - Set database path to: C:\Users\meiqingyu\.stmcufinder\plugins\mcufinder//mcu/
2024-03-14 20:58:50,914 [INFO] DbMcusAds:125 - Set database path to: C:\Users\meiqingyu\.stmcufinder\plugins\mcufinder//mcu/
2024-03-14 20:58:50,914 [INFO] CrossReferenceDbSqlite:203 - Set database path to: C:\Users\meiqingyu\.stmcufinder\plugins\mcufinder//mcu/cs/
2024-03-14 20:58:50,979 [INFO] RulesReader:64 - Compatibility file has been processed (297 Rules)
2024-03-14 20:58:51,030 [INFO] DbMcusXml:78 - Set database path to: D:\Program Files\STM32CubeIDE_1.14.0\STM32CubeIDE\plugins\com.st.stm32cube.common.mx_6.10.0.202311202037\\db\/mcu/
2024-03-14 20:58:51,031 [INFO] ApiDb:274 - Set plugin database path to: D:\Program Files\STM32CubeIDE_1.14.0\STM32CubeIDE\plugins\com.st.stm32cube.common.mx_6.10.0.202311202037\\db\/plugins/boardmanager/
2024-03-14 20:58:51,031 [INFO] ApiDb:261 - Set plugin images path to: D:\Program Files\STM32CubeIDE_1.14.0\STM32CubeIDE\plugins\com.st.stm32cube.common.mx_6.10.0.202311202037\\db\/plugins/mcufinder/images/
2024-03-14 20:58:51,031 [WARN] DbFile:41 - Overriding database path with different value: C:\Users\meiqingyu\.stmcufinder\plugins\mcufinder/ => C:\Users\meiqingyu\.stmcufinder\plugins\mcufinder
2024-03-14 20:58:51,031 [INFO] ApiDb:250 - Set database path to: C:\Users\meiqingyu\.stmcufinder\plugins\mcufinder//mcu/
2024-03-14 20:58:51,031 [WARN] DbFile:41 - Overriding database path with different value: C:\Users\meiqingyu\.stmcufinder\plugins\mcufinder/ => C:\Users\meiqingyu\.stmcufinder\plugins\mcufinder
2024-03-14 20:58:51,031 [INFO] DbMcusAds:125 - Set database path to: C:\Users\meiqingyu\.stmcufinder\plugins\mcufinder//mcu/
2024-03-14 20:58:51,031 [WARN] DbFile:41 - Overriding database path with different value: C:\Users\meiqingyu\.stmcufinder\plugins\mcufinder/ => C:\Users\meiqingyu\.stmcufinder\plugins\mcufinder
2024-03-14 20:58:51,031 [WARN] DbFile:41 - Overriding database path with different value: C:\Users\meiqingyu\.stmcufinder\plugins\mcufinder/ => C:\Users\meiqingyu\.stmcufinder\plugins\mcufinder
2024-03-14 20:58:51,031 [INFO] CrossReferenceDbSqlite:203 - Set database path to: C:\Users\meiqingyu\.stmcufinder\plugins\mcufinder//mcu/cs/
2024-03-14 20:58:51,064 [INFO] MainPanel:264 - HeapMemory: 268435456
2024-03-14 20:58:51,097 [INFO] DbMcusXml:78 - Set database path to: D:\Program Files\STM32CubeIDE_1.14.0\STM32CubeIDE\plugins\com.st.stm32cube.common.mx_6.10.0.202311202037\\db\/mcu/
2024-03-14 20:58:51,097 [INFO] ApiDb:274 - Set plugin database path to: D:\Program Files\STM32CubeIDE_1.14.0\STM32CubeIDE\plugins\com.st.stm32cube.common.mx_6.10.0.202311202037\\db\/plugins/boardmanager/
2024-03-14 20:58:51,097 [INFO] ApiDb:261 - Set plugin images path to: D:\Program Files\STM32CubeIDE_1.14.0\STM32CubeIDE\plugins\com.st.stm32cube.common.mx_6.10.0.202311202037\\db\/plugins/mcufinder/images/
2024-03-14 20:58:51,098 [WARN] DbFile:41 - Overriding database path with different value: C:\Users\meiqingyu\.stmcufinder\plugins\mcufinder/ => C:\Users\meiqingyu\.stmcufinder\plugins\mcufinder
2024-03-14 20:58:51,098 [INFO] ApiDb:250 - Set database path to: C:\Users\meiqingyu\.stmcufinder\plugins\mcufinder//mcu/
2024-03-14 20:58:51,098 [WARN] DbFile:41 - Overriding database path with different value: C:\Users\meiqingyu\.stmcufinder\plugins\mcufinder/ => C:\Users\meiqingyu\.stmcufinder\plugins\mcufinder
2024-03-14 20:58:51,098 [INFO] DbMcusAds:125 - Set database path to: C:\Users\meiqingyu\.stmcufinder\plugins\mcufinder//mcu/
2024-03-14 20:58:51,098 [WARN] DbFile:41 - Overriding database path with different value: C:\Users\meiqingyu\.stmcufinder\plugins\mcufinder/ => C:\Users\meiqingyu\.stmcufinder\plugins\mcufinder
2024-03-14 20:58:51,098 [WARN] DbFile:41 - Overriding database path with different value: C:\Users\meiqingyu\.stmcufinder\plugins\mcufinder/ => C:\Users\meiqingyu\.stmcufinder\plugins\mcufinder
2024-03-14 20:58:51,098 [INFO] CrossReferenceDbSqlite:203 - Set database path to: C:\Users\meiqingyu\.stmcufinder\plugins\mcufinder//mcu/cs/
2024-03-14 20:58:51,107 [INFO] ApplicationProperties:184 - Using Application install path: D:\Program Files\STM32CubeIDE_1.14.0\STM32CubeIDE\plugins\com.st.stm32cube.common.mx_6.10.0.202311202037
2024-03-14 20:58:51,108 [INFO] PluginManage:196 - Search for loadable plugins [exclusion list=, ]
2024-03-14 20:58:51,108 [INFO] PluginManage:310 - Check plugin analytics
2024-03-14 20:58:51,211 [INFO] AnalyticsPlugin:253 - Accepted Software Licenses: 
2024-03-14 20:58:51,211 [INFO] AnalyticsPlugin:255 - Accepted CMSIS Pack Licenses: 
2024-03-14 20:58:51,212 [INFO] AnalyticsPlugin:257 - Accepted Firmware Licenses: 
2024-03-14 20:58:51,215 [INFO] PluginManage:359 - Loaded plugin analytics (category:tool,tabindex:-1)
2024-03-14 20:58:51,215 [INFO] PluginManage:310 - Check plugin cadmodel
2024-03-14 20:58:51,227 [INFO] CADModel:105 - Init CAD model plugin
2024-03-14 20:58:51,227 [INFO] PluginManage:359 - Loaded plugin cadmodel (category:power,tabindex:5)
2024-03-14 20:58:51,227 [INFO] PluginManage:310 - Check plugin clock
2024-03-14 20:58:51,242 [INFO] PluginManage:359 - Loaded plugin clock (category:base,tabindex:2)
2024-03-14 20:58:51,242 [INFO] PluginManage:310 - Check plugin ddr
2024-03-14 20:58:51,244 [INFO] PluginManage:359 - Loaded plugin ddr (category:tool,tabindex:6)
2024-03-14 20:58:51,244 [INFO] PluginManage:310 - Check plugin filemanager
2024-03-14 20:58:51,324 [INFO] PluginManage:359 - Loaded plugin filemanager (category:base,tabindex:10)
2024-03-14 20:58:51,324 [INFO] PluginManage:310 - Check plugin ipmanager
2024-03-14 20:58:51,328 [INFO] PluginManage:359 - Loaded plugin ipmanager (category:base,tabindex:5)
2024-03-14 20:58:51,329 [INFO] PluginManage:310 - Check plugin lpbam
2024-03-14 20:58:51,340 [INFO] PluginManage:359 - Loaded plugin lpbam (category:base,tabindex:0)
2024-03-14 20:58:51,340 [INFO] PluginManage:310 - Check plugin memorymap
2024-03-14 20:58:51,353 [INFO] PluginManage:359 - Loaded plugin memorymap (category:base,tabindex:4)
2024-03-14 20:58:51,353 [INFO] PluginManage:310 - Check plugin pinoutandconfiguration
2024-03-14 20:58:51,365 [INFO] PluginManage:359 - Loaded plugin pinoutandconfiguration (category:base,tabindex:1)
2024-03-14 20:58:51,365 [INFO] PluginManage:310 - Check plugin pinoutconfig
2024-03-14 20:58:51,411 [WARN] SupportedApi:132 - Cannot load RTOS API schema: s4s-elt-must-match.1: The content of 'definitions' must match (annotation?, (simpleType | complexType)?, (unique | key | keyref)*)). A problem was found starting at: attribute.
2024-03-14 20:58:51,470 [INFO] PluginManage:359 - Loaded plugin pinoutconfig (category:base,tabindex:0)
2024-03-14 20:58:51,470 [INFO] PluginManage:310 - Check plugin power
2024-03-14 20:58:51,480 [INFO] PluginManage:359 - Loaded plugin power (category:power,tabindex:4)
2024-03-14 20:58:51,480 [INFO] PluginManage:310 - Check plugin projectmanager
2024-03-14 20:58:51,488 [INFO] PluginManage:359 - Loaded plugin projectmanager (category:projectmanager,tabindex:3)
2024-03-14 20:58:51,488 [INFO] PluginManage:310 - Check plugin thirdparty
2024-03-14 20:58:51,620 [INFO] PluginManage:359 - Loaded plugin thirdparty (category:base,tabindex:-1)
2024-03-14 20:58:51,620 [INFO] PluginManage:310 - Check plugin tools
2024-03-14 20:58:51,620 [WARN] IntegrityCheckThread:84 - waiting for thirdparty lock release [integrity check]
2024-03-14 20:58:51,620 [INFO] IntegrityCheckThread:86 - entering critical section [integrity check]
2024-03-14 20:58:51,620 [INFO] ThirdPartyUpdaterWithRetryManager:70 - Updater plugin not ready yet. [1/15]
2024-03-14 20:58:51,638 [INFO] PluginManage:359 - Loaded plugin tools (category:base,tabindex:7)
2024-03-14 20:58:51,638 [INFO] PluginManage:310 - Check plugin tutovideos
2024-03-14 20:58:51,725 [INFO] PluginManage:359 - Loaded plugin tutovideos (category:base,tabindex:-1)
2024-03-14 20:58:51,725 [INFO] PluginManage:310 - Check plugin updater
2024-03-14 20:58:51,730 [INFO] PluginManage:359 - Loaded plugin updater (category:base,tabindex:12)
2024-03-14 20:58:51,730 [INFO] PluginManage:310 - Check plugin userauth
2024-03-14 20:58:51,733 [INFO] UserAuth:114 - Init User Auth plugin
2024-03-14 20:58:51,733 [INFO] PluginManage:359 - Loaded plugin userauth (category:base,tabindex:14)
2024-03-14 20:58:51,734 [INFO] PluginManage:283 - PluginManage : Loaded plugins [17]
2024-03-14 20:58:51,829 [INFO] PinOutPanel:1499 - setPackage(No Configuration,No Configuration)
2024-03-14 20:58:51,870 [INFO] CADModel:165 - CPN selected for project level
2024-03-14 20:58:51,870 [INFO] CADModel:114 - Register for checkConnection events
2024-03-14 20:58:51,885 [INFO] IPUIPlugin:80 - create IPUIPlugin
2024-03-14 20:58:51,885 [INFO] PluginManager:220 - loadIPPluginJar : add adc
2024-03-14 20:58:51,906 [INFO] IPUIPlugin:80 - create IPUIPlugin
2024-03-14 20:58:51,906 [INFO] PluginManager:220 - loadIPPluginJar : add aes
2024-03-14 20:58:51,927 [INFO] IPUIPlugin:80 - create IPUIPlugin
2024-03-14 20:58:51,927 [INFO] PluginManager:220 - loadIPPluginJar : add can
2024-03-14 20:58:51,938 [INFO] IPUIPlugin:80 - create IPUIPlugin
2024-03-14 20:58:51,938 [INFO] PluginManager:220 - loadIPPluginJar : add comp
2024-03-14 20:58:51,955 [INFO] IPUIPlugin:80 - create IPUIPlugin
2024-03-14 20:58:51,955 [INFO] PluginManager:220 - loadIPPluginJar : add cryp
2024-03-14 20:58:51,971 [INFO] IPUIPlugin:80 - create IPUIPlugin
2024-03-14 20:58:51,971 [INFO] PluginManager:220 - loadIPPluginJar : add dfsdm
2024-03-14 20:58:51,980 [INFO] IPUIPlugin:80 - create IPUIPlugin
2024-03-14 20:58:51,980 [INFO] PluginManager:220 - loadIPPluginJar : add dma
2024-03-14 20:58:52,001 [INFO] IPUIPlugin:80 - create IPUIPlugin
2024-03-14 20:58:52,001 [INFO] PluginManager:220 - loadIPPluginJar : add dma3
2024-03-14 20:58:52,011 [INFO] IPUIPlugin:80 - create IPUIPlugin
2024-03-14 20:58:52,011 [INFO] PluginManager:220 - loadIPPluginJar : add fatfs
2024-03-14 20:58:52,034 [INFO] IPUIPlugin:80 - create IPUIPlugin
2024-03-14 20:58:52,034 [INFO] PluginManager:220 - loadIPPluginJar : add fmc
2024-03-14 20:58:52,043 [INFO] IPUIPlugin:80 - create IPUIPlugin
2024-03-14 20:58:52,043 [INFO] PluginManager:220 - loadIPPluginJar : add freertos
2024-03-14 20:58:52,053 [INFO] IPUIPlugin:80 - create IPUIPlugin
2024-03-14 20:58:52,053 [INFO] PluginManager:220 - loadIPPluginJar : add genericplugin
2024-03-14 20:58:52,096 [INFO] IPUIPlugin:80 - create IPUIPlugin
2024-03-14 20:58:52,096 [INFO] PluginManager:220 - loadIPPluginJar : add gfxmmu
2024-03-14 20:58:52,158 [INFO] IPUIPlugin:80 - create IPUIPlugin
2024-03-14 20:58:52,158 [INFO] PluginManager:220 - loadIPPluginJar : add gic
2024-03-14 20:58:52,165 [INFO] IPUIPlugin:80 - create IPUIPlugin
2024-03-14 20:58:52,165 [INFO] PluginManager:220 - loadIPPluginJar : add gpio
2024-03-14 20:58:52,210 [INFO] IPUIPlugin:80 - create IPUIPlugin
2024-03-14 20:58:52,211 [INFO] PluginManager:220 - loadIPPluginJar : add gtzc
2024-03-14 20:58:52,226 [INFO] IPUIPlugin:80 - create IPUIPlugin
2024-03-14 20:58:52,226 [INFO] PluginManager:220 - loadIPPluginJar : add hash
2024-03-14 20:58:52,250 [INFO] IPUIPlugin:80 - create IPUIPlugin
2024-03-14 20:58:52,250 [INFO] PluginManager:220 - loadIPPluginJar : add i2c
2024-03-14 20:58:52,268 [INFO] IPUIPlugin:80 - create IPUIPlugin
2024-03-14 20:58:52,268 [INFO] PluginManager:220 - loadIPPluginJar : add i2s
2024-03-14 20:58:52,287 [INFO] IPUIPlugin:80 - create IPUIPlugin
2024-03-14 20:58:52,287 [INFO] PluginManager:220 - loadIPPluginJar : add i3c
2024-03-14 20:58:52,339 [INFO] IPUIPlugin:80 - create IPUIPlugin
2024-03-14 20:58:52,340 [INFO] PluginManager:220 - loadIPPluginJar : add ipddr
2024-03-14 20:58:52,386 [INFO] IPUIPlugin:80 - create IPUIPlugin
2024-03-14 20:58:52,386 [INFO] PluginManager:220 - loadIPPluginJar : add linkedlist
2024-03-14 20:58:52,403 [INFO] IPUIPlugin:80 - create IPUIPlugin
2024-03-14 20:58:52,403 [INFO] PluginManager:220 - loadIPPluginJar : add lorawan
2024-03-14 20:58:52,419 [INFO] IPUIPlugin:80 - create IPUIPlugin
2024-03-14 20:58:52,419 [INFO] PluginManager:220 - loadIPPluginJar : add ltdc
2024-03-14 20:58:52,426 [INFO] IPUIPlugin:80 - create IPUIPlugin
2024-03-14 20:58:52,427 [INFO] PluginManager:220 - loadIPPluginJar : add mdma
2024-03-14 20:58:52,433 [INFO] IPUIPlugin:80 - create IPUIPlugin
2024-03-14 20:58:52,433 [INFO] PluginManager:220 - loadIPPluginJar : add nvic
2024-03-14 20:58:52,450 [INFO] IPUIPlugin:80 - create IPUIPlugin
2024-03-14 20:58:52,450 [INFO] PluginManager:220 - loadIPPluginJar : add opamp
2024-03-14 20:58:52,480 [INFO] IPUIPlugin:80 - create IPUIPlugin
2024-03-14 20:58:52,480 [INFO] PluginManager:220 - loadIPPluginJar : add openamp
2024-03-14 20:58:52,501 [INFO] IPUIPlugin:80 - create IPUIPlugin
2024-03-14 20:58:52,501 [INFO] PluginManager:220 - loadIPPluginJar : add pdm2pcm
2024-03-14 20:58:52,510 [INFO] IPUIPlugin:80 - create IPUIPlugin
2024-03-14 20:58:52,511 [INFO] PluginManager:220 - loadIPPluginJar : add plateformsettings
2024-03-14 20:58:52,524 [INFO] IPUIPlugin:80 - create IPUIPlugin
2024-03-14 20:58:52,524 [INFO] PluginManager:220 - loadIPPluginJar : add quadspi
2024-03-14 20:58:52,531 [INFO] IPUIPlugin:80 - create IPUIPlugin
2024-03-14 20:58:52,531 [INFO] PluginManager:220 - loadIPPluginJar : add resmgrutility
2024-03-14 20:58:52,556 [INFO] IPUIPlugin:80 - create IPUIPlugin
2024-03-14 20:58:52,556 [INFO] PluginManager:220 - loadIPPluginJar : add sai
2024-03-14 20:58:52,574 [INFO] IPUIPlugin:80 - create IPUIPlugin
2024-03-14 20:58:52,574 [INFO] PluginManager:220 - loadIPPluginJar : add spi
2024-03-14 20:58:52,611 [INFO] IPUIPlugin:80 - create IPUIPlugin
2024-03-14 20:58:52,611 [INFO] PluginManager:220 - loadIPPluginJar : add stm32_wpan
2024-03-14 20:58:52,623 [INFO] IPUIPlugin:80 - create IPUIPlugin
2024-03-14 20:58:52,623 [INFO] PluginManager:220 - loadIPPluginJar : add tim
2024-03-14 20:58:52,650 [INFO] IPUIPlugin:80 - create IPUIPlugin
2024-03-14 20:58:52,650 [INFO] PluginManager:220 - loadIPPluginJar : add touchsensing
2024-03-14 20:58:52,663 [INFO] IPUIPlugin:80 - create IPUIPlugin
2024-03-14 20:58:52,663 [INFO] PluginManager:220 - loadIPPluginJar : add tracer_emb
2024-03-14 20:58:52,674 [INFO] IPUIPlugin:80 - create IPUIPlugin
2024-03-14 20:58:52,674 [INFO] PluginManager:220 - loadIPPluginJar : add ts
2024-03-14 20:58:52,684 [INFO] IPUIPlugin:80 - create IPUIPlugin
2024-03-14 20:58:52,684 [INFO] PluginManager:220 - loadIPPluginJar : add tsc
2024-03-14 20:58:52,694 [INFO] IPUIPlugin:80 - create IPUIPlugin
2024-03-14 20:58:52,694 [INFO] PluginManager:220 - loadIPPluginJar : add ucpd
2024-03-14 20:58:52,722 [INFO] IPUIPlugin:80 - create IPUIPlugin
2024-03-14 20:58:52,722 [INFO] PluginManager:220 - loadIPPluginJar : add usart
2024-03-14 20:58:52,745 [INFO] IPUIPlugin:80 - create IPUIPlugin
2024-03-14 20:58:52,745 [INFO] PluginManager:220 - loadIPPluginJar : add usbx
2024-03-14 20:58:52,845 [INFO] CADModel:165 - CPN selected for project level
2024-03-14 20:58:52,845 [INFO] CADModel:114 - Register for checkConnection events
2024-03-14 20:58:52,845 [FATAL] Updater:308 - Updater called before beeing initialized
2024-03-14 20:58:52,845 [ERROR] CADModel:125 - Updater not yet initialized, retry later 
2024-03-14 20:58:52,926 [INFO] CADModel:165 - CPN selected for project level
2024-03-14 20:58:52,926 [INFO] CADModel:114 - Register for checkConnection events
2024-03-14 20:58:52,926 [FATAL] Updater:308 - Updater called before beeing initialized
2024-03-14 20:58:52,926 [ERROR] CADModel:125 - Updater not yet initialized, retry later 
2024-03-14 20:58:52,928 [FATAL] Updater:308 - Updater called before beeing initialized
2024-03-14 20:58:52,975 [FATAL] Updater:308 - Updater called before beeing initialized
2024-03-14 20:58:52,982 [INFO] DbMcusAds:53 - JSON generation date=Wed Nov 29 18:52:27 CST 2023 (1701255147349)
2024-03-14 20:58:52,982 [FATAL] Updater:308 - Updater called before beeing initialized
2024-03-14 20:58:53,024 [WARN] DetailPanel:346 - Failed to get advertising image, set to default
2024-03-14 20:58:53,078 [FATAL] Updater:308 - Updater called before beeing initialized
2024-03-14 20:58:53,079 [FATAL] Updater:308 - Updater called before beeing initialized
2024-03-14 20:58:53,079 [FATAL] Updater:308 - Updater called before beeing initialized
2024-03-14 20:58:53,079 [WARN] DetailPanel:346 - Failed to get advertising image, set to default
2024-03-14 20:58:53,079 [FATAL] Updater:308 - Updater called before beeing initialized
2024-03-14 20:58:53,112 [ERROR] Updater:1120 - MainUpdater not yet initialized. External WinMGr cannot be set.
2024-03-14 20:58:53,118 [INFO] Updater:1056 - Updater Version found : 6.10.0
2024-03-14 20:58:53,134 [INFO] ApplicationProperties:184 - Using Application install path: D:\Program Files\STM32CubeIDE_1.14.0\STM32CubeIDE\plugins\com.st.stm32cube.common.mx_6.10.0.202311202037
2024-03-14 20:58:54,621 [INFO] ThirdPartyUpdaterWithRetryManager:70 - Updater plugin not ready yet. [2/15]
2024-03-14 20:58:54,709 [ERROR] LogOutputStream:75 - [STDERR_REDIRECT] Mar 14, 2024 8:58:54 PM java.util.prefs.WindowsPreferences <init>
2024-03-14 20:58:54,710 [ERROR] LogOutputStream:75 - [STDERR_REDIRECT] WARNING: Could not open/create prefs root node Software\JavaSoft\Prefs at root 0xffffffff80000002. Windows RegCreateKeyEx(...) returned error code 5.
2024-03-14 20:58:54,710 [ERROR] LogOutputStream:75 - [STDERR_REDIRECT] 
2024-03-14 20:58:55,178 [INFO] MainUpdater:2873 - connection check result : 10
2024-03-14 20:58:55,178 [INFO] MainUpdater:290 - Updater Check For Update Now.
2024-03-14 20:58:55,178 [INFO] MicroXplorer:498 - Change Database Version : DB.6.0.100
2024-03-14 20:58:55,190 [INFO] McuFinderGlobals:63 - Set McuFinder mode to 2 (CubeIDE integrated)
2024-03-14 20:58:55,335 [INFO] CheckServerUpdateThread:120 - End of CheckServer Thread
2024-03-14 20:58:55,634 [INFO] UserAuth:404 - Internet connection configuration mode: 1
2024-03-14 20:58:55,645 [INFO] JxBrowserEngine:152 - Initiate JxBrowser Engine with user profile folder
2024-03-14 20:58:56,838 [INFO] WebApp:161 - Instantiating new browser for Auth
2024-03-14 20:58:57,250 [INFO] WebApp:780 - Register for checkConnection events
2024-03-14 20:58:57,250 [INFO] WebApp:414 - Apply proxy settings
2024-03-14 20:58:57,251 [INFO] WebApp:499 - Chromium requires no authentication
2024-03-14 20:58:57,255 [INFO] WebApp:442 - Direct internet connection detected
2024-03-14 20:58:57,356 [INFO] WebApp:192 - Starting web application
2024-03-14 20:58:57,356 [INFO] WebApp:544 - Web application path used D:\Program Files\STM32CubeIDE_1.14.0\STM32CubeIDE\plugins\com.st.stm32cube.common.mx_6.10.0.202311202037\db\plugins\mcufinder\reactClient1\index.html
2024-03-14 20:58:57,697 [WARN] PackLoader:240 - Cannot read IP mode file for STMicroelectronics.X-CUBE-SMBUS.2.1.0
2024-03-14 20:58:57,705 [WARN] PackLoader:240 - Cannot read IP mode file for STMicroelectronics.X-CUBE-TOUCHGFX.4.23.0
2024-03-14 20:58:57,725 [WARN] PackLoader:240 - Cannot read IP mode file for STMicroelectronics.X-CUBE-AZRTOS-F7.1.1.0
2024-03-14 20:58:57,737 [WARN] PackLoader:240 - Cannot read IP mode file for STMicroelectronics.FP-SNS-MOTENV1.4.3.2
2024-03-14 20:58:57,746 [WARN] PackLoader:240 - Cannot read IP mode file for STMicroelectronics.FP-SNS-FLIGHT1.5.0.2
2024-03-14 20:58:57,757 [WARN] PackLoader:240 - Cannot read IP mode file for STMicroelectronics.X-CUBE-DISPLAY.3.0.0
2024-03-14 20:58:57,769 [WARN] PackLoader:240 - Cannot read IP mode file for STMicroelectronics.X-CUBE-BLE1.7.0.0
2024-03-14 20:58:57,779 [WARN] PackLoader:240 - Cannot read IP mode file for emotas.I-CUBE-CANOPEN.1.3.0
2024-03-14 20:58:57,789 [WARN] PackLoader:240 - Cannot read IP mode file for STMicroelectronics.X-CUBE-BLEMGR.3.1.0
2024-03-14 20:58:57,798 [WARN] PackLoader:240 - Cannot read IP mode file for STMicroelectronics.FP-SNS-SMARTAG2.1.2.0
2024-03-14 20:58:57,828 [INFO] LogOutputStream:77 - [STDOUT_REDIRECT] 1 : Invalid condition id : UX_CORESTACK_Condition cause : null
2024-03-14 20:58:57,828 [INFO] LogOutputStream:77 - [STDOUT_REDIRECT] 1 : Invalid condition id : UX_CORESTACK_Condition cause : null
2024-03-14 20:58:57,829 [INFO] LogOutputStream:77 - [STDOUT_REDIRECT] 1 : Invalid condition id : UX_CORESTACK_Condition cause : null
2024-03-14 20:58:57,829 [INFO] LogOutputStream:77 - [STDOUT_REDIRECT] 1 : Invalid condition id : UX_CORESTACK_Condition cause : null
2024-03-14 20:58:57,829 [INFO] LogOutputStream:77 - [STDOUT_REDIRECT] 1 : Invalid condition id : UX_CORESTACK_Condition cause : null
2024-03-14 20:58:57,830 [WARN] PackLoader:240 - Cannot read IP mode file for STMicroelectronics.X-CUBE-AZRTOS-WL.2.0.0
2024-03-14 20:58:57,839 [WARN] PackLoader:240 - Cannot read IP mode file for STMicroelectronics.X-CUBE-BLE2.3.3.0
2024-03-14 20:58:57,847 [WARN] PackLoader:240 - Cannot read IP mode file for STMicroelectronics.X-CUBE-ALGOBUILD.1.3.0
2024-03-14 20:58:57,860 [WARN] PackLoader:240 - Cannot read IP mode file for STMicroelectronics.X-CUBE-AZRTOS-G0.1.1.0
2024-03-14 20:58:57,868 [WARN] PackLoader:240 - Cannot read IP mode file for STMicroelectronics.X-CUBE-NFC4.3.0.0
2024-03-14 20:58:57,875 [WARN] PackLoader:240 - Cannot read IP mode file for STMicroelectronics.FP-ATR-SIGFOX1.3.2.0
2024-03-14 20:58:57,882 [WARN] PackLoader:240 - Cannot read IP mode file for STMicroelectronics.X-CUBE-EEPRMA1.5.1.0
2024-03-14 20:58:57,904 [WARN] PackLoader:240 - Cannot read IP mode file for SEGGER.I-CUBE-embOS.1.3.1
2024-03-14 20:58:57,928 [WARN] PackLoader:240 - Cannot read IP mode file for STMicroelectronics.X-CUBE-GNSS1.6.0.0
2024-03-14 20:58:57,943 [WARN] PackLoader:240 - Cannot read IP mode file for STMicroelectronics.X-CUBE-AZRTOS-F4.1.1.0
2024-03-14 20:58:57,952 [WARN] PackLoader:240 - Cannot read IP mode file for wolfSSL.I-CUBE-wolfSSL.5.6.6
2024-03-14 20:58:57,965 [WARN] PackLoader:240 - Cannot read IP mode file for STMicroelectronics.X-CUBE-AZRTOS-L5.2.0.0
2024-03-14 20:58:57,975 [WARN] PackLoader:240 - Cannot read IP mode file for ITTIA_DB.I-CUBE-ITTIADB.8.8.0
2024-03-14 20:58:57,983 [WARN] PackLoader:240 - Cannot read IP mode file for STMicroelectronics.X-CUBE-NFC7.1.0.1
2024-03-14 20:58:57,995 [WARN] PackLoader:240 - Cannot read IP mode file for STMicroelectronics.X-CUBE-NFC6.3.0.0
2024-03-14 20:58:58,004 [WARN] PackLoader:240 - Cannot read IP mode file for STMicroelectronics.X-CUBE-AI.8.1.0
2024-03-14 20:58:58,019 [WARN] ConditionMgr:438 - getConditionDescription Invalid condition id : LAN8742 Phy interface Condition cause : null
2024-03-14 20:58:58,019 [WARN] PackLoader:240 - Cannot read IP mode file for STMicroelectronics.X-CUBE-AZRTOS-L4.2.0.0
2024-03-14 20:58:58,020 [WARN] ConditionMgr:1039 - genDependencies : Invalid condition id : LAN8742 Phy interface Condition cause : null
2024-03-14 20:58:58,020 [WARN] ConditionMgr:1039 - genDependencies : Invalid condition id : LAN8742 Phy interface Condition cause : null
2024-03-14 20:58:58,020 [WARN] ConditionMgr:1039 - genDependencies : Invalid condition id : LAN8742 Phy interface Condition cause : null
2024-03-14 20:58:58,029 [WARN] PackLoader:240 - Cannot read IP mode file for STMicroelectronics.X-CUBE-SFXS2LP1.4.0.0
2024-03-14 20:58:58,043 [WARN] ConditionMgr:438 - getConditionDescription Invalid condition id : UX DEVICE CLASS RTOS Condition cause : null
2024-03-14 20:58:58,043 [WARN] ConditionMgr:438 - getConditionDescription Invalid condition id : UX DEVICE CLASS RTOS Condition cause : null
2024-03-14 20:58:58,044 [WARN] PackLoader:240 - Cannot read IP mode file for STMicroelectronics.X-CUBE-AZRTOS-WB.2.0.0
2024-03-14 20:58:58,044 [WARN] ConditionMgr:1039 - genDependencies : Invalid condition id : UX DEVICE CLASS RTOS Condition cause : null
2024-03-14 20:58:58,044 [WARN] ConditionMgr:1039 - genDependencies : Invalid condition id : UX DEVICE CLASS RTOS Condition cause : null
2024-03-14 20:58:58,044 [WARN] ConditionMgr:1039 - genDependencies : Invalid condition id : UX DEVICE CLASS RTOS Condition cause : null
2024-03-14 20:58:58,044 [WARN] ConditionMgr:1039 - genDependencies : Invalid condition id : UX DEVICE CLASS RTOS Condition cause : null
2024-03-14 20:58:58,044 [WARN] ConditionMgr:1039 - genDependencies : Invalid condition id : UX DEVICE CLASS RTOS Condition cause : null
2024-03-14 20:58:58,055 [WARN] PackLoader:240 - Cannot read IP mode file for STMicroelectronics.X-CUBE-SUBG2.5.0.0
2024-03-14 20:58:58,071 [WARN] PackLoader:240 - Cannot read IP mode file for STMicroelectronics.X-CUBE-AZRTOS-G4.2.0.0
2024-03-14 20:58:58,081 [WARN] PackLoader:240 - Cannot read IP mode file for STMicroelectronics.FP-SNS-MOTENVWB1.1.3.1
2024-03-14 20:58:58,090 [WARN] PackLoader:240 - Cannot read IP mode file for STMicroelectronics.X-CUBE-ISPU.2.0.0
2024-03-14 20:58:58,124 [WARN] PackLoader:240 - Cannot read IP mode file for STMicroelectronics.X-CUBE-MEMS1.10.0.0
2024-03-14 20:58:58,177 [WARN] PackLoader:240 - Cannot read IP mode file for STMicroelectronics.X-CUBE-FREERTOS.1.1.0
2024-03-14 20:58:58,185 [WARN] PackLoader:240 - Cannot read IP mode file for portGmbH.I-Cube-SoM-uGOAL.1.1.0
2024-03-14 20:58:58,194 [WARN] PackLoader:240 - Cannot read IP mode file for STMicroelectronics.X-CUBE-ALS.1.0.1
2024-03-14 20:58:58,203 [WARN] PackLoader:240 - Cannot read IP mode file for STMicroelectronics.FP-ATR-ASTRA1.2.0.0
2024-03-14 20:58:58,215 [WARN] PackLoader:240 - Cannot read IP mode file for STMicroelectronics.X-CUBE-TOF1.3.4.1
2024-03-14 20:58:58,249 [WARN] PackLoader:240 - Cannot read IP mode file for STMicroelectronics.X-CUBE-AZRTOS-H7.3.2.0
2024-03-14 20:58:58,250 [INFO] ThirdParty:978 - Integrity check success = true
2024-03-14 20:58:58,250 [INFO] IntegrityCheckThread:100 - exiting critical section [integrity check]
2024-03-14 20:58:58,250 [INFO] IntegrityCheckThread:103 - End integrity checks thread
2024-03-14 20:58:58,386 [INFO] McuFinderGlobals:63 - Set McuFinder mode to 2 (CubeIDE integrated)
2024-03-14 20:58:58,401 [INFO] MainUpdater:2873 - connection check result : 10
2024-03-14 20:58:58,707 [INFO] ApiDb:581 - Connected to CubeFinder SQLite database (C:\Users\meiqingyu\.stmcufinder\plugins\mcufinder\mcu\cube-finder-db.db)
2024-03-14 20:58:58,739 [INFO] ApiDb:668 - CubeFinder database Data Model version=2.1
2024-03-14 20:58:58,739 [INFO] ApiDb:669 - CubeFinder database Configuration version=3.0.39
2024-03-14 20:58:58,739 [INFO] ApiDb:670 - CubeFinder database generation date=2024-02-19 (1708350410)
2024-03-14 20:58:58,739 [INFO] ApiDb:671 - CubeFinder database FW Pack versions=[FP-ATR-ASTRA1_V2.0.0, FP-SNS-FLIGHT1_V5.0.1, FP-SNS-FLIGHT1_V5.0.2, FP-SNS-MOTENV1_V4.3.1, FP-SNS-MOTENV1_V4.3.2, FP-SNS-MOTENVWB1_V1.3.1, FP-SNS-SMARTAG2_V1.2.0, STM32Cube_FW_C0_V1.1.0, STM32Cube_FW_F4_V1.28.0, STM32Cube_FW_F7_V1.17.0, STM32Cube_FW_G0_V1.6.2, STM32Cube_FW_G4_V1.5.2, STM32Cube_FW_H5_V0.5.1, STM32Cube_FW_H5_V1.1.1, STM32Cube_FW_H5_V1.2.0RC2, STM32Cube_FW_H7_V1.11.0, STM32Cube_FW_L0_V1.12.2, STM32Cube_FW_L5_V1.5.0, STM32Cube_FW_U5_V1.3.0RC4, STM32Cube_FW_U5_V1.4.0, STM32Cube_FW_WBA_V1.0.0RC1, STM32Cube_FW_WBA_V1.1.0RC1, STM32Cube_FW_WBA_V1.2.0, STM32Cube_FW_WBA_V1.2.0RC2, STM32Cube_FW_WB_V1.15.0RC1, STM32Cube_FW_WB_V1.16.0, STM32Cube_FW_WB_V1.16.0RC2, STM32Cube_FW_WB_V1.18.0, STM32Cube_FW_WL_V1.3.0, X-CUBE-ALGOBUILD_V1.3.0, X-CUBE-ALS_V1.0.1, X-CUBE-AZRTOS-F4_V1.1.0, X-CUBE-AZRTOS-F7_V1.1.0, X-CUBE-AZRTOS-G0_V1.1.0, X-CUBE-AZRTOS-G4_V2.0.0, X-CUBE-AZRTOS-H7_V3.2.0, X-CUBE-AZRTOS-L4_V1.0.0, X-CUBE-AZRTOS-L4_V2.0.0, X-CUBE-AZRTOS-L5_V1.1.0, X-CUBE-AZRTOS-WB_V2.0.0, X-CUBE-AZRTOS-WL_V2.0.0, X-CUBE-BLE1_V7.0.0, X-CUBE-BLE2_V3.3.0, X-CUBE-BLEMGR_V3.0.0, X-CUBE-EEPRMA1_V4.1.0, X-CUBE-EEPRMA1_V5.1.0, X-CUBE-FREERTOS_V1.1.0, X-CUBE-GNSS1_V6.0.0, X-CUBE-MEMS1_V10.0.0, X-CUBE-MEMS1_V9.1.0, X-CUBE-MEMS1_V9.4.0, X-CUBE-MEMS1_V9.6.0, X-CUBE-NFC4_V3.0.0, X-CUBE-NFC7_V1.0.1, X-CUBE-SFXS2LP1_V4.0.0, X-CUBE-SUBG2_V5.0.0, X-CUBE-TOF1_V3.4.0]
2024-03-14 20:58:58,773 [INFO] DbBoardsSqlite:226 - include board P-NUCLEO-WB55-NUCLEO as a kit item of type 'Nucleo-64'
2024-03-14 20:58:58,773 [INFO] DbBoardsSqlite:226 - include board P-NUCLEO-WB55-USBDONGLE as a kit item of type 'Nucleo USB Dongle'
2024-03-14 20:58:58,773 [INFO] DbBoardsSqlite:226 - include board STEVAL-IDP005V1 as a kit item of type 'Evaluation Board'
2024-03-14 20:58:58,773 [INFO] DbBoardsSqlite:226 - include board STEVAL-IDP005V2 as a kit item of type 'Evaluation Board'
2024-03-14 20:58:58,800 [INFO] ApiDb:240 - Found 371 in-development CPN: [B-G473E-ZEST1S, B-WB1M-WPAN1, B-WL5M-SUBG1, NUCLEO-C031C6, NUCLEO-H503RB, NUCLEO-H563ZI, NUCLEO-U545RE-Q, NUCLEO-U5A5ZJ-Q, NUCLEO-WBA52CG, NUCLEO-WBA55CG, STEVAL-MKBOXPRO, STEVAL-PROTEUS1, STEVAL-STWINBX1, STM320518-EVAL, STM32C0116-DK, STM32C011D6Y3TR, STM32C011D6Y6TR, STM32C011F4P3, STM32C011F4P6, STM32C011F4U3, STM32C011F4U6TR, STM32C011F6P3, STM32C011F6P6, STM32C011F6U3, STM32C011F6U6TR, STM32C011J4M3, STM32C011J4M6, STM32C011J6M3, STM32C011J6M6, STM32C0316-DK, STM32C031C4T3, STM32C031C4T6, STM32C031C4U3, STM32C031C4U6, STM32C031C6T3, STM32C031C6T6, STM32C031C6U3, STM32C031C6U6, STM32C031F4P3, STM32C031F4P6, STM32C031F6P3, STM32C031F6P6, STM32C031G4U3, STM32C031G4U6, STM32C031G6U3, STM32C031G6U6, STM32C031K4T3, STM32C031K4T6, STM32C031K4U3, STM32C031K4U6, STM32C031K6T3, STM32C031K6T6, STM32C031K6U3, STM32C031K6U6, STM32G071K8TXN, STM32G071K8UXN, STM32G081GBU6N, STM32G081KBT6N, STM32G081KBUXN, STM32G0B1CCT6N, STM32G0B1KCT6, STM32G0B1NEY6TR, STM32G0B1RCT6N, STM32G0C1CCT6, STM32G0C1CCT6N, STM32G0C1CCU6N, STM32G0C1CET6N, STM32G0C1CEU6N, STM32G0C1KCT6, STM32G0C1NEY6TR, STM32G0C1RCI6N, STM32G0C1RCT6N, STM32G0C1REI6N, STM32G0C1RET6N, STM32G0C1VCI6, STM32G0C1VEI6, STM32G471CCT6, STM32G471CCU6, STM32G471CET3, STM32G471CET6, STM32G471CEU3, STM32G471CEU6, STM32G471MCT6, STM32G471MET3, STM32G471MET6, STM32G471MEY6TR, STM32G471QCT6, STM32G471QET3, STM32G471RCT6, STM32G471RET3, STM32G471RET6, STM32G471VCH6, STM32G471VCI6, STM32G471VCT6, STM32G471VEH3, STM32G471VEH6, STM32G471VEI3, STM32G471VEI6, STM32G471VET3, STM32G471VET6, STM32G474CCT6, STM32H503CBT6, STM32H503CBU6, STM32H503EBY6TR, STM32H503KBU6, STM32H503RBT6, STM32H562AGI6, STM32H562AII6, STM32H562IGK6, STM32H562IGT6, STM32H562IIK6, STM32H562IIT6, STM32H562RGT6, STM32H562RGV6, STM32H562RIT6, STM32H562RIV6, STM32H562VGT6, STM32H562VIT6, STM32H562ZGT6, STM32H562ZIT6, STM32H563AGI6, STM32H563AII3Q, STM32H563AII6, STM32H563IGK6, STM32H563IGT6, STM32H563IIK3Q, STM32H563IIK6, STM32H563IIT3Q, STM32H563IIT6, STM32H563MIY3QTR, STM32H563RGT6, STM32H563RGV6, STM32H563RIT6, STM32H563RIV6, STM32H563VGT6, STM32H563VIT3Q, STM32H563VIT6, STM32H563ZGT6, STM32H563ZIT3Q, STM32H563ZIT6, STM32H573AII3Q, STM32H573AII6, STM32H573I-DK, STM32H573IIK3Q, STM32H573IIK6, STM32H573IIT3Q, STM32H573IIT6, STM32H573MIY3QTR, STM32H573RIT6, STM32H573RIV6, STM32H573VIT3Q, STM32H573VIT6, STM32H573ZIT3Q, STM32H573ZIT6, STM32L4R5QGI6STR, STM32MP131AAE3, STM32MP131AAF3, STM32MP131AAG3, STM32MP131CAE3, STM32MP131CAF3, STM32MP131CAG3, STM32MP131DAE7, STM32MP131DAF7, STM32MP131DAG7, STM32MP131FAE7, STM32MP131FAF7, STM32MP131FAG7, STM32MP133AAE3, STM32MP133AAF3, STM32MP133AAG3, STM32MP133CAE3, STM32MP133CAF3, STM32MP133CAG3, STM32MP133DAE7, STM32MP133DAF7, STM32MP133DAG7, STM32MP133FAE7, STM32MP133FAF7, STM32MP133FAG7, STM32MP135AAE3, STM32MP135AAF3, STM32MP135AAG3, STM32MP135CAE3, STM32MP135CAF3, STM32MP135CAG3, STM32MP135DAE7, STM32MP135DAF7, STM32MP135DAG7, STM32MP135F-DK, STM32MP135FAE7, STM32MP135FAF7, STM32MP135FAF7T, STM32MP135FAF7U, STM32MP135FAG7, STM32U535CBT6, STM32U535CBT6Q, STM32U535CBU6, STM32U535CBU6Q, STM32U535CCT6, STM32U535CCT6Q, STM32U535CCU6, STM32U535CCU6Q, STM32U535CET6, STM32U535CET6Q, STM32U535CEU6, STM32U535CEU6Q, STM32U535JEY6QTR, STM32U535NCY6QTR, STM32U535NEY6QTR, STM32U535RBI6, STM32U535RBI6Q, STM32U535RBT6, STM32U535RBT6Q, STM32U535RCI6, STM32U535RCI6Q, STM32U535RCT6, STM32U535RCT6Q, STM32U535REI6, STM32U535REI6Q, STM32U535RET6, STM32U535RET6Q, STM32U535VCI6, STM32U535VCI6Q, STM32U535VCT6, STM32U535VCT6Q, STM32U535VEI6, STM32U535VEI6Q, STM32U535VET6, STM32U535VET6Q, STM32U545CET6, STM32U545CET6Q, STM32U545CEU6, STM32U545CEU6Q, STM32U545JEY6QTR, STM32U545NEY6QTR, STM32U545REI6, STM32U545REI6Q, STM32U545RET6, STM32U545RET6Q, STM32U545VEI6, STM32U545VEI6Q, STM32U545VET6, STM32U545VET6Q, STM32U595AIH6, STM32U595AIH6Q, STM32U595AJH6, STM32U595AJH6Q, STM32U595QII6, STM32U595QII6Q, STM32U595QJI6, STM32U595QJI6Q, STM32U595RIT6, STM32U595RIT6Q, STM32U595RJT6, STM32U595RJT6Q, STM32U595VIT6, STM32U595VIT6Q, STM32U595VJT6, STM32U595VJT6Q, STM32U595ZIT6, STM32U595ZIT6Q, STM32U595ZIY6QTR, STM32U595ZJT6, STM32U595ZJT6Q, STM32U595ZJY6QTR, STM32U599BJY6QTR, STM32U599NIH6Q, STM32U599NJH6Q, STM32U599VIT6Q, STM32U599VJT6, STM32U599VJT6Q, STM32U599ZIT6Q, STM32U599ZIY6QTR, STM32U599ZJT6Q, STM32U599ZJY6QTR, STM32U5A5AJH6, STM32U5A5AJH6Q, STM32U5A5QJI6, STM32U5A5QJI6Q, STM32U5A5RJT6, STM32U5A5RJT6Q, STM32U5A5VJT6, STM32U5A5VJT6Q, STM32U5A5ZJT6, STM32U5A5ZJT6Q, STM32U5A5ZJY6QTR, STM32U5A9BJY6QTR, STM32U5A9J-DK, STM32U5A9NJH6Q, STM32U5A9VJT6Q, STM32U5A9ZJT6Q, STM32U5A9ZJY6QTR, STM32U5F7VIT6, STM32U5F7VIT6Q, STM32U5F7VJT6, STM32U5F7VJT6Q, STM32U5F9BJY6QTR, STM32U5F9NJH6Q, STM32U5F9VIT6Q, STM32U5F9VJT6Q, STM32U5F9ZIJ6QTR, STM32U5F9ZIT6Q, STM32U5F9ZJJ6QTR, STM32U5F9ZJT6Q, STM32U5G7VJT6, STM32U5G7VJT6Q, STM32U5G9BJY6QTR, STM32U5G9J-DK1, STM32U5G9J-DK2, STM32U5G9NJH6Q, STM32U5G9VJT6Q, STM32U5G9ZJJ6QTR, STM32U5G9ZJT6Q, STM32WB1MMCH6, STM32WBA50KEU6, STM32WBA50KEU6TR, STM32WBA50KGU6, STM32WBA50KGU6TR, STM32WBA52CEU6, STM32WBA52CEU6TR, STM32WBA52CEU7, STM32WBA52CEU7TR, STM32WBA52CGU6, STM32WBA52CGU6TR, STM32WBA52CGU6U, STM32WBA52CGU7, STM32WBA52CGU7TR, STM32WBA52KEU6, STM32WBA52KEU6TR, STM32WBA52KGU6, STM32WBA52KGU6TR, STM32WBA54CEU6, STM32WBA54CEU6TR, STM32WBA54CEU7, STM32WBA54CEU7TR, STM32WBA54CGU6, STM32WBA54CGU6TR, STM32WBA54CGU7, STM32WBA54CGU7TR, STM32WBA54KEU6, STM32WBA54KEU6TR, STM32WBA54KEU7, STM32WBA54KEU7TR, STM32WBA54KGU6, STM32WBA54KGU6TR, STM32WBA54KGU7, STM32WBA54KGU7TR, STM32WBA55CEU6, STM32WBA55CEU6TR, STM32WBA55CEU7, STM32WBA55CEU7TR, STM32WBA55CGU6, STM32WBA55CGU6TR, STM32WBA55CGU6U, STM32WBA55CGU7, STM32WBA55CGU7TR, STM32WBA55G-DK1, STM32WBA55HEF6, STM32WBA55HEF7, STM32WBA55HGF6, STM32WBA55HGF7, STM32WBA55UEI6, STM32WBA55UEI6TR, STM32WBA55UEI7, STM32WBA55UEI7TR, STM32WBA55UGI6, STM32WBA55UGI6TR, STM32WBA55UGI7, STM32WBA55UGI7TR, STM32WL5MOCH6, STM32WL5MOCH6TR]
2024-03-14 20:58:58,840 [INFO] BoardInfo:889 - No configuration file found for board P-NUCLEO-WB55
2024-03-14 20:58:58,841 [INFO] DbBoards:161 - Kit is not supported: P-NUCLEO-WB55
2024-03-14 20:58:58,844 [INFO] BoardInfo:889 - No configuration file found for board STEVAL-BFA001V1B
2024-03-14 20:58:58,844 [INFO] DbBoards:161 - Kit is not supported: STEVAL-BFA001V1B
2024-03-14 20:58:58,845 [INFO] BoardInfo:889 - No configuration file found for board STEVAL-BFA001V2B
2024-03-14 20:58:58,845 [INFO] DbBoards:161 - Kit is not supported: STEVAL-BFA001V2B
2024-03-14 20:58:58,906 [INFO] DbBoards:168 - Found 193 boards, 190 are supported
2024-03-14 20:58:58,906 [INFO] DbBoards:169 - Found 193 boards, 3 of them is supported for  Bsp
2024-03-14 20:58:58,908 [INFO] ApiDb:668 - CubeFinder database Data Model version=2.1
2024-03-14 20:58:58,908 [INFO] ApiDb:669 - CubeFinder database Configuration version=3.0.39
2024-03-14 20:58:58,908 [INFO] ApiDb:670 - CubeFinder database generation date=2024-02-19 (1708350410)
2024-03-14 20:58:58,908 [INFO] ApiDb:671 - CubeFinder database FW Pack versions=[FP-ATR-ASTRA1_V2.0.0, FP-SNS-FLIGHT1_V5.0.1, FP-SNS-FLIGHT1_V5.0.2, FP-SNS-MOTENV1_V4.3.1, FP-SNS-MOTENV1_V4.3.2, FP-SNS-MOTENVWB1_V1.3.1, FP-SNS-SMARTAG2_V1.2.0, STM32Cube_FW_C0_V1.1.0, STM32Cube_FW_F4_V1.28.0, STM32Cube_FW_F7_V1.17.0, STM32Cube_FW_G0_V1.6.2, STM32Cube_FW_G4_V1.5.2, STM32Cube_FW_H5_V0.5.1, STM32Cube_FW_H5_V1.1.1, STM32Cube_FW_H5_V1.2.0RC2, STM32Cube_FW_H7_V1.11.0, STM32Cube_FW_L0_V1.12.2, STM32Cube_FW_L5_V1.5.0, STM32Cube_FW_U5_V1.3.0RC4, STM32Cube_FW_U5_V1.4.0, STM32Cube_FW_WBA_V1.0.0RC1, STM32Cube_FW_WBA_V1.1.0RC1, STM32Cube_FW_WBA_V1.2.0, STM32Cube_FW_WBA_V1.2.0RC2, STM32Cube_FW_WB_V1.15.0RC1, STM32Cube_FW_WB_V1.16.0, STM32Cube_FW_WB_V1.16.0RC2, STM32Cube_FW_WB_V1.18.0, STM32Cube_FW_WL_V1.3.0, X-CUBE-ALGOBUILD_V1.3.0, X-CUBE-ALS_V1.0.1, X-CUBE-AZRTOS-F4_V1.1.0, X-CUBE-AZRTOS-F7_V1.1.0, X-CUBE-AZRTOS-G0_V1.1.0, X-CUBE-AZRTOS-G4_V2.0.0, X-CUBE-AZRTOS-H7_V3.2.0, X-CUBE-AZRTOS-L4_V1.0.0, X-CUBE-AZRTOS-L4_V2.0.0, X-CUBE-AZRTOS-L5_V1.1.0, X-CUBE-AZRTOS-WB_V2.0.0, X-CUBE-AZRTOS-WL_V2.0.0, X-CUBE-BLE1_V7.0.0, X-CUBE-BLE2_V3.3.0, X-CUBE-BLEMGR_V3.0.0, X-CUBE-EEPRMA1_V4.1.0, X-CUBE-EEPRMA1_V5.1.0, X-CUBE-FREERTOS_V1.1.0, X-CUBE-GNSS1_V6.0.0, X-CUBE-MEMS1_V10.0.0, X-CUBE-MEMS1_V9.1.0, X-CUBE-MEMS1_V9.4.0, X-CUBE-MEMS1_V9.6.0, X-CUBE-NFC4_V3.0.0, X-CUBE-NFC7_V1.0.1, X-CUBE-SFXS2LP1_V4.0.0, X-CUBE-SUBG2_V5.0.0, X-CUBE-TOF1_V3.4.0]
2024-03-14 20:59:00,028 [INFO] ApiDb:240 - Found 371 in-development CPN: [B-G473E-ZEST1S, B-WB1M-WPAN1, B-WL5M-SUBG1, NUCLEO-C031C6, NUCLEO-H503RB, NUCLEO-H563ZI, NUCLEO-U545RE-Q, NUCLEO-U5A5ZJ-Q, NUCLEO-WBA52CG, NUCLEO-WBA55CG, STEVAL-MKBOXPRO, STEVAL-PROTEUS1, STEVAL-STWINBX1, STM320518-EVAL, STM32C0116-DK, STM32C011D6Y3TR, STM32C011D6Y6TR, STM32C011F4P3, STM32C011F4P6, STM32C011F4U3, STM32C011F4U6TR, STM32C011F6P3, STM32C011F6P6, STM32C011F6U3, STM32C011F6U6TR, STM32C011J4M3, STM32C011J4M6, STM32C011J6M3, STM32C011J6M6, STM32C0316-DK, STM32C031C4T3, STM32C031C4T6, STM32C031C4U3, STM32C031C4U6, STM32C031C6T3, STM32C031C6T6, STM32C031C6U3, STM32C031C6U6, STM32C031F4P3, STM32C031F4P6, STM32C031F6P3, STM32C031F6P6, STM32C031G4U3, STM32C031G4U6, STM32C031G6U3, STM32C031G6U6, STM32C031K4T3, STM32C031K4T6, STM32C031K4U3, STM32C031K4U6, STM32C031K6T3, STM32C031K6T6, STM32C031K6U3, STM32C031K6U6, STM32G071K8TXN, STM32G071K8UXN, STM32G081GBU6N, STM32G081KBT6N, STM32G081KBUXN, STM32G0B1CCT6N, STM32G0B1KCT6, STM32G0B1NEY6TR, STM32G0B1RCT6N, STM32G0C1CCT6, STM32G0C1CCT6N, STM32G0C1CCU6N, STM32G0C1CET6N, STM32G0C1CEU6N, STM32G0C1KCT6, STM32G0C1NEY6TR, STM32G0C1RCI6N, STM32G0C1RCT6N, STM32G0C1REI6N, STM32G0C1RET6N, STM32G0C1VCI6, STM32G0C1VEI6, STM32G471CCT6, STM32G471CCU6, STM32G471CET3, STM32G471CET6, STM32G471CEU3, STM32G471CEU6, STM32G471MCT6, STM32G471MET3, STM32G471MET6, STM32G471MEY6TR, STM32G471QCT6, STM32G471QET3, STM32G471RCT6, STM32G471RET3, STM32G471RET6, STM32G471VCH6, STM32G471VCI6, STM32G471VCT6, STM32G471VEH3, STM32G471VEH6, STM32G471VEI3, STM32G471VEI6, STM32G471VET3, STM32G471VET6, STM32G474CCT6, STM32H503CBT6, STM32H503CBU6, STM32H503EBY6TR, STM32H503KBU6, STM32H503RBT6, STM32H562AGI6, STM32H562AII6, STM32H562IGK6, STM32H562IGT6, STM32H562IIK6, STM32H562IIT6, STM32H562RGT6, STM32H562RGV6, STM32H562RIT6, STM32H562RIV6, STM32H562VGT6, STM32H562VIT6, STM32H562ZGT6, STM32H562ZIT6, STM32H563AGI6, STM32H563AII3Q, STM32H563AII6, STM32H563IGK6, STM32H563IGT6, STM32H563IIK3Q, STM32H563IIK6, STM32H563IIT3Q, STM32H563IIT6, STM32H563MIY3QTR, STM32H563RGT6, STM32H563RGV6, STM32H563RIT6, STM32H563RIV6, STM32H563VGT6, STM32H563VIT3Q, STM32H563VIT6, STM32H563ZGT6, STM32H563ZIT3Q, STM32H563ZIT6, STM32H573AII3Q, STM32H573AII6, STM32H573I-DK, STM32H573IIK3Q, STM32H573IIK6, STM32H573IIT3Q, STM32H573IIT6, STM32H573MIY3QTR, STM32H573RIT6, STM32H573RIV6, STM32H573VIT3Q, STM32H573VIT6, STM32H573ZIT3Q, STM32H573ZIT6, STM32L4R5QGI6STR, STM32MP131AAE3, STM32MP131AAF3, STM32MP131AAG3, STM32MP131CAE3, STM32MP131CAF3, STM32MP131CAG3, STM32MP131DAE7, STM32MP131DAF7, STM32MP131DAG7, STM32MP131FAE7, STM32MP131FAF7, STM32MP131FAG7, STM32MP133AAE3, STM32MP133AAF3, STM32MP133AAG3, STM32MP133CAE3, STM32MP133CAF3, STM32MP133CAG3, STM32MP133DAE7, STM32MP133DAF7, STM32MP133DAG7, STM32MP133FAE7, STM32MP133FAF7, STM32MP133FAG7, STM32MP135AAE3, STM32MP135AAF3, STM32MP135AAG3, STM32MP135CAE3, STM32MP135CAF3, STM32MP135CAG3, STM32MP135DAE7, STM32MP135DAF7, STM32MP135DAG7, STM32MP135F-DK, STM32MP135FAE7, STM32MP135FAF7, STM32MP135FAF7T, STM32MP135FAF7U, STM32MP135FAG7, STM32U535CBT6, STM32U535CBT6Q, STM32U535CBU6, STM32U535CBU6Q, STM32U535CCT6, STM32U535CCT6Q, STM32U535CCU6, STM32U535CCU6Q, STM32U535CET6, STM32U535CET6Q, STM32U535CEU6, STM32U535CEU6Q, STM32U535JEY6QTR, STM32U535NCY6QTR, STM32U535NEY6QTR, STM32U535RBI6, STM32U535RBI6Q, STM32U535RBT6, STM32U535RBT6Q, STM32U535RCI6, STM32U535RCI6Q, STM32U535RCT6, STM32U535RCT6Q, STM32U535REI6, STM32U535REI6Q, STM32U535RET6, STM32U535RET6Q, STM32U535VCI6, STM32U535VCI6Q, STM32U535VCT6, STM32U535VCT6Q, STM32U535VEI6, STM32U535VEI6Q, STM32U535VET6, STM32U535VET6Q, STM32U545CET6, STM32U545CET6Q, STM32U545CEU6, STM32U545CEU6Q, STM32U545JEY6QTR, STM32U545NEY6QTR, STM32U545REI6, STM32U545REI6Q, STM32U545RET6, STM32U545RET6Q, STM32U545VEI6, STM32U545VEI6Q, STM32U545VET6, STM32U545VET6Q, STM32U595AIH6, STM32U595AIH6Q, STM32U595AJH6, STM32U595AJH6Q, STM32U595QII6, STM32U595QII6Q, STM32U595QJI6, STM32U595QJI6Q, STM32U595RIT6, STM32U595RIT6Q, STM32U595RJT6, STM32U595RJT6Q, STM32U595VIT6, STM32U595VIT6Q, STM32U595VJT6, STM32U595VJT6Q, STM32U595ZIT6, STM32U595ZIT6Q, STM32U595ZIY6QTR, STM32U595ZJT6, STM32U595ZJT6Q, STM32U595ZJY6QTR, STM32U599BJY6QTR, STM32U599NIH6Q, STM32U599NJH6Q, STM32U599VIT6Q, STM32U599VJT6, STM32U599VJT6Q, STM32U599ZIT6Q, STM32U599ZIY6QTR, STM32U599ZJT6Q, STM32U599ZJY6QTR, STM32U5A5AJH6, STM32U5A5AJH6Q, STM32U5A5QJI6, STM32U5A5QJI6Q, STM32U5A5RJT6, STM32U5A5RJT6Q, STM32U5A5VJT6, STM32U5A5VJT6Q, STM32U5A5ZJT6, STM32U5A5ZJT6Q, STM32U5A5ZJY6QTR, STM32U5A9BJY6QTR, STM32U5A9J-DK, STM32U5A9NJH6Q, STM32U5A9VJT6Q, STM32U5A9ZJT6Q, STM32U5A9ZJY6QTR, STM32U5F7VIT6, STM32U5F7VIT6Q, STM32U5F7VJT6, STM32U5F7VJT6Q, STM32U5F9BJY6QTR, STM32U5F9NJH6Q, STM32U5F9VIT6Q, STM32U5F9VJT6Q, STM32U5F9ZIJ6QTR, STM32U5F9ZIT6Q, STM32U5F9ZJJ6QTR, STM32U5F9ZJT6Q, STM32U5G7VJT6, STM32U5G7VJT6Q, STM32U5G9BJY6QTR, STM32U5G9J-DK1, STM32U5G9J-DK2, STM32U5G9NJH6Q, STM32U5G9VJT6Q, STM32U5G9ZJJ6QTR, STM32U5G9ZJT6Q, STM32WB1MMCH6, STM32WBA50KEU6, STM32WBA50KEU6TR, STM32WBA50KGU6, STM32WBA50KGU6TR, STM32WBA52CEU6, STM32WBA52CEU6TR, STM32WBA52CEU7, STM32WBA52CEU7TR, STM32WBA52CGU6, STM32WBA52CGU6TR, STM32WBA52CGU6U, STM32WBA52CGU7, STM32WBA52CGU7TR, STM32WBA52KEU6, STM32WBA52KEU6TR, STM32WBA52KGU6, STM32WBA52KGU6TR, STM32WBA54CEU6, STM32WBA54CEU6TR, STM32WBA54CEU7, STM32WBA54CEU7TR, STM32WBA54CGU6, STM32WBA54CGU6TR, STM32WBA54CGU7, STM32WBA54CGU7TR, STM32WBA54KEU6, STM32WBA54KEU6TR, STM32WBA54KEU7, STM32WBA54KEU7TR, STM32WBA54KGU6, STM32WBA54KGU6TR, STM32WBA54KGU7, STM32WBA54KGU7TR, STM32WBA55CEU6, STM32WBA55CEU6TR, STM32WBA55CEU7, STM32WBA55CEU7TR, STM32WBA55CGU6, STM32WBA55CGU6TR, STM32WBA55CGU6U, STM32WBA55CGU7, STM32WBA55CGU7TR, STM32WBA55G-DK1, STM32WBA55HEF6, STM32WBA55HEF7, STM32WBA55HGF6, STM32WBA55HGF7, STM32WBA55UEI6, STM32WBA55UEI6TR, STM32WBA55UEI7, STM32WBA55UEI7TR, STM32WBA55UGI6, STM32WBA55UGI6TR, STM32WBA55UGI7, STM32WBA55UGI7TR, STM32WL5MOCH6, STM32WL5MOCH6TR]
2024-03-14 20:59:00,031 [INFO] DbMcus:218 - Found 3930 MCUs, 3930 are supported
2024-03-14 20:59:00,031 [INFO] ApiDb:423 - Load user favorites file C:\Users\meiqingyu/.stm32cubeide/favorites.mcus.txt: 0 item(s)
2024-03-14 20:59:00,031 [INFO] ApiDb:427 - User favorites MCUs=[]
2024-03-14 20:59:00,032 [INFO] DbMcus:224 - Set 0 / 0 favorites MCUs
2024-03-14 20:59:00,124 [INFO] ApiDb:414 - User favorites file not found: C:\Users\meiqingyu/.stm32cubeide/favorites.boards.txt
2024-03-14 20:59:00,124 [INFO] DbBoards:198 - Set 0 / 0 favorites Boards
2024-03-14 20:59:00,124 [INFO] McuFinderGlobals:76 - Set McuFinderConnectedMode to true
2024-03-14 20:59:00,127 [INFO] MultiScanPanel:200 - Auto-refresh data requested => check proxy status ongoing
2024-03-14 20:59:00,128 [INFO] FinderPluginLoader:95 - Searching for filters in installed packs
2024-03-14 20:59:00,745 [INFO] LoadUrlFilesThread:185 - End of LoadServerUrlFiles without Thread
2024-03-14 20:59:00,758 [INFO] DetailPanel:341 - Set advertising image to C:/Users/meiqingyu/STM32Cube/Repository/\en.prom-stm32wl3-mcu-finder.jpg
2024-03-14 20:59:17,861 [ERROR] LogOutputStream:75 - [STDERR_REDIRECT] SLF4J: Failed to load class "org.slf4j.impl.StaticLoggerBinder".
2024-03-14 20:59:17,861 [ERROR] LogOutputStream:75 - [STDERR_REDIRECT] SLF4J: Defaulting to no-operation (NOP) logger implementation
2024-03-14 20:59:17,862 [ERROR] LogOutputStream:75 - [STDERR_REDIRECT] SLF4J: See http://www.slf4j.org/codes.html#StaticLoggerBinder for further details.
2024-03-14 20:59:49,964 [INFO] McuResultTable:1403 - Mark MCU STM32F103C8T6 as favorite
2024-03-14 21:00:08,298 [INFO] MainUpdater:2873 - connection check result : 10
2024-03-14 21:00:08,298 [INFO] MainUpdater:2873 - connection check result : 10
2024-03-14 21:00:08,317 [INFO] MicroXplorer:468 - Change Database Path : 
2024-03-14 21:00:08,317 [INFO] MicroXplorer:498 - Change Database Version : DB.6.0.100
2024-03-14 21:00:08,319 [WARN] ThirdParty:871 - waiting for thirdparty lock release [close project]
2024-03-14 21:00:08,319 [INFO] ThirdParty:873 - entering critical section [close project]
2024-03-14 21:00:08,319 [INFO] ThirdParty:883 - exiting critical section [close project]
2024-03-14 21:00:08,320 [INFO] PinOutPanel:1499 - setPackage(No Configuration,No Configuration)
2024-03-14 21:00:08,321 [INFO] UtilMem:75 - Begin LoadConfig() Used Memory: 777214240 Bytes (1032847360)
2024-03-14 21:00:08,321 [INFO] MicroXplorer:468 - Change Database Path : 
2024-03-14 21:00:08,321 [INFO] MicroXplorer:498 - Change Database Version : DB.6.0.100
2024-03-14 21:00:08,322 [INFO] OpenFileManager:312 - Change cursor
2024-03-14 21:00:08,346 [INFO] Mcu:2016 - Initializing MCU STM32F103C8Tx STM32F103C8Tx STM32F103C8T6
2024-03-14 21:00:08,805 [INFO] Context:659 - Trying to add GPIOservice into a context  which must be forbidden
2024-03-14 21:00:08,966 [INFO] ImportTextPane:194 - (OptionalMessage_ERROR) Unable to find key (Mcu.ThirdPartyNb) in loaded IOC file
2024-03-14 21:00:08,966 [INFO] ImportTextPane:194 - (OptionalMessage_ERROR) Unable to find key (Mcu.PinsNb) in loaded IOC file
2024-03-14 21:00:08,966 [INFO] ImportTextPane:194 - (OptionalMessage_ERROR) Unable to find key (Mcu.IPNb) in loaded IOC file
2024-03-14 21:00:09,021 [INFO] RtosManager:555 - Registered RTOS mode: class=CMSIS, group=RTOS, mode=CMSIS_V1, owner=FREERTOS
2024-03-14 21:00:09,021 [INFO] RtosManager:555 - Registered RTOS mode: class=CMSIS, group=RTOS2, mode=CMSIS_V2, owner=FREERTOS
2024-03-14 21:00:09,021 [INFO] RtosManager:555 - Registered RTOS mode: class=RTOS, group=Core, mode=CMSIS_V1, owner=FREERTOS
2024-03-14 21:00:09,021 [INFO] RtosManager:555 - Registered RTOS mode: class=RTOS, group=Core, mode=CMSIS_V2, owner=FREERTOS
2024-03-14 21:00:09,022 [WARN] ModelIntegratedComponent:184 - Missing modes for component STMicroelectronics:FreeRTOS:0.0.1:STMicroelectronics:RTOS:FreeRTOS:Core:::10.2.0:
2024-03-14 21:00:09,030 [WARN] ModelIntegratedComponent:63 - No mode defined for component null
2024-03-14 21:00:09,030 [WARN] ModelIntegratedComponent:63 - No mode defined for component null
2024-03-14 21:00:09,030 [WARN] ModelIntegratedComponent:63 - No mode defined for component null
2024-03-14 21:00:09,030 [WARN] ModelIntegratedComponent:63 - No mode defined for component null
2024-03-14 21:00:09,030 [WARN] ModelIntegratedComponent:63 - No mode defined for component null
2024-03-14 21:00:09,030 [WARN] ModelIntegratedComponent:63 - No mode defined for component null
2024-03-14 21:00:09,030 [WARN] ModelIntegratedComponent:63 - No mode defined for component null
2024-03-14 21:00:09,030 [WARN] ModelIntegratedComponent:63 - No mode defined for component null
2024-03-14 21:00:09,030 [WARN] ModelIntegratedComponent:63 - No mode defined for component null
2024-03-14 21:00:09,030 [WARN] ModelIntegratedComponent:63 - No mode defined for component null
2024-03-14 21:00:09,030 [WARN] ModelIntegratedComponent:63 - No mode defined for component null
2024-03-14 21:00:09,030 [WARN] ModelIntegratedComponent:63 - No mode defined for component null
2024-03-14 21:00:09,030 [WARN] ModelIntegratedComponent:63 - No mode defined for component null
2024-03-14 21:00:09,030 [WARN] ModelIntegratedComponent:63 - No mode defined for component null
2024-03-14 21:00:09,030 [WARN] ModelIntegratedComponent:63 - No mode defined for component null
2024-03-14 21:00:09,030 [WARN] ModelIntegratedComponent:63 - No mode defined for component null
2024-03-14 21:00:09,030 [WARN] ModelIntegratedComponent:63 - No mode defined for component null
2024-03-14 21:00:09,030 [WARN] ModelIntegratedComponent:63 - No mode defined for component null
2024-03-14 21:00:09,030 [WARN] ModelIntegratedComponent:63 - No mode defined for component null
2024-03-14 21:00:09,030 [WARN] ModelIntegratedComponent:63 - No mode defined for component null
2024-03-14 21:00:09,030 [WARN] ModelIntegratedComponent:63 - No mode defined for component null
2024-03-14 21:00:09,030 [WARN] ModelIntegratedComponent:63 - No mode defined for component null
2024-03-14 21:00:09,030 [WARN] ModelIntegratedComponent:63 - No mode defined for component null
2024-03-14 21:00:09,030 [WARN] ModelIntegratedComponent:63 - No mode defined for component null
2024-03-14 21:00:09,030 [WARN] ModelIntegratedComponent:63 - No mode defined for component null
2024-03-14 21:00:09,030 [WARN] ModelIntegratedComponent:63 - No mode defined for component null
2024-03-14 21:00:09,031 [WARN] ModelIntegratedComponent:63 - No mode defined for component null
2024-03-14 21:00:09,031 [WARN] ModelIntegratedComponent:63 - No mode defined for component null
2024-03-14 21:00:09,031 [WARN] ModelIntegratedComponent:63 - No mode defined for component null
2024-03-14 21:00:09,031 [WARN] ModelIntegratedComponent:63 - No mode defined for component null
2024-03-14 21:00:09,031 [WARN] ModelIntegratedComponent:63 - No mode defined for component null
2024-03-14 21:00:09,031 [WARN] ModelIntegratedComponent:63 - No mode defined for component null
2024-03-14 21:00:09,031 [WARN] ModelIntegratedComponent:63 - No mode defined for component null
2024-03-14 21:00:09,094 [INFO] ThirdPartyModel:298 - Start build external matchings
2024-03-14 21:00:09,227 [INFO] ThirdPartyModel:316 - End build external matchings
2024-03-14 21:00:09,332 [INFO] UtilMem:75 - End LoadConfig() Used Memory: 792601944 Bytes (1073741824)
2024-03-14 21:00:09,352 [INFO] MicroXplorer:468 - Change Database Path : 
2024-03-14 21:00:09,352 [INFO] MicroXplorer:498 - Change Database Version : DB.6.0.100
2024-03-14 21:00:09,352 [WARN] ThirdParty:833 - waiting for thirdparty lock release [change project]
2024-03-14 21:00:09,352 [INFO] ThirdParty:835 - entering critical section [change project]
2024-03-14 21:00:09,352 [INFO] ThirdParty:1030 - CMSIS Pack Vendor :STMicroelectronics USBPD 4.1
2024-03-14 21:00:09,352 [INFO] ThirdParty:1030 - CMSIS Pack Vendor :STMicroelectronics X-CUBE-GNSS1 6.0.0
2024-03-14 21:00:09,352 [INFO] ThirdParty:1030 - CMSIS Pack Vendor :STMicroelectronics USB_HOST 2.0.0
2024-03-14 21:00:09,352 [INFO] ThirdParty:1030 - CMSIS Pack Vendor :STMicroelectronics X-CUBE-AZRTOS-F4 1.1.0
2024-03-14 21:00:09,352 [INFO] ThirdParty:1030 - CMSIS Pack Vendor :STMicroelectronics LIBJPEG 8.0.0
2024-03-14 21:00:09,352 [INFO] ThirdParty:1030 - CMSIS Pack Vendor :STMicroelectronics X-CUBE-SMBUS 2.1.0
2024-03-14 21:00:09,352 [INFO] ThirdParty:1030 - CMSIS Pack Vendor :STMicroelectronics USB_DEVICE 3.0.0
2024-03-14 21:00:09,352 [INFO] ThirdParty:1030 - CMSIS Pack Vendor :STMicroelectronics X-CUBE-AZRTOS-WB 2.0.0
2024-03-14 21:00:09,352 [INFO] ThirdParty:1030 - CMSIS Pack Vendor :wolfSSL I-CUBE-wolfSSL 5.6.6
2024-03-14 21:00:09,352 [INFO] ThirdParty:1030 - CMSIS Pack Vendor :STMicroelectronics X-CUBE-TOUCHGFX 4.23.0
2024-03-14 21:00:09,352 [INFO] ThirdParty:1030 - CMSIS Pack Vendor :STMicroelectronics X-CUBE-AZRTOS-F7 1.1.0
2024-03-14 21:00:09,352 [INFO] ThirdParty:1030 - CMSIS Pack Vendor :STMicroelectronics X-CUBE-AZRTOS-L5 2.0.0
2024-03-14 21:00:09,352 [INFO] ThirdParty:1030 - CMSIS Pack Vendor :STMicroelectronics USB_DEVICE 2.0.0
2024-03-14 21:00:09,352 [INFO] ThirdParty:1030 - CMSIS Pack Vendor :ITTIA_DB I-CUBE-ITTIADB 8.8.0
2024-03-14 21:00:09,352 [INFO] ThirdParty:1030 - CMSIS Pack Vendor :STMicroelectronics FP-SNS-MOTENV1 4.3.2
2024-03-14 21:00:09,352 [INFO] ThirdParty:1030 - CMSIS Pack Vendor :STMicroelectronics X-CUBE-ALGOBUILD 1.3.0
2024-03-14 21:00:09,352 [INFO] ThirdParty:1030 - CMSIS Pack Vendor :STMicroelectronics FreeRTOS 0.0.1
2024-03-14 21:00:09,352 [INFO] ThirdParty:1030 - CMSIS Pack Vendor :STMicroelectronics X-CUBE-AZRTOS-G0 1.1.0
2024-03-14 21:00:09,352 [INFO] ThirdParty:1030 - CMSIS Pack Vendor :STMicroelectronics X-CUBE-NFC4 3.0.0
2024-03-14 21:00:09,352 [INFO] ThirdParty:1030 - CMSIS Pack Vendor :STMicroelectronics X-CUBE-SUBG2 5.0.0
2024-03-14 21:00:09,352 [INFO] ThirdParty:1030 - CMSIS Pack Vendor :STMicroelectronics STM32_WPAN 1.0.0
2024-03-14 21:00:09,352 [INFO] ThirdParty:1030 - CMSIS Pack Vendor :STMicroelectronics lwIP 2.0.3
2024-03-14 21:00:09,352 [INFO] ThirdParty:1030 - CMSIS Pack Vendor :STMicroelectronics FP-SNS-FLIGHT1 5.0.2
2024-03-14 21:00:09,352 [INFO] ThirdParty:1030 - CMSIS Pack Vendor :STMicroelectronics USB_HOST 1.0.0
2024-03-14 21:00:09,352 [INFO] ThirdParty:1030 - CMSIS Pack Vendor :STMicroelectronics X-CUBE-AZRTOS-G4 2.0.0
2024-03-14 21:00:09,352 [INFO] ThirdParty:1030 - CMSIS Pack Vendor :STMicroelectronics PDM2PCM 3.1.0
2024-03-14 21:00:09,352 [INFO] ThirdParty:1030 - CMSIS Pack Vendor :STMicroelectronics PDM2PCM 3.3.0
2024-03-14 21:00:09,352 [INFO] ThirdParty:1030 - CMSIS Pack Vendor :STMicroelectronics X-CUBE-DISPLAY 3.0.0
2024-03-14 21:00:09,352 [INFO] ThirdParty:1030 - CMSIS Pack Vendor :STMicroelectronics FP-SNS-MOTENVWB1 1.3.1
2024-03-14 21:00:09,352 [INFO] ThirdParty:1030 - CMSIS Pack Vendor :STMicroelectronics X-CUBE-BLE1 7.0.0
2024-03-14 21:00:09,353 [INFO] ThirdParty:1030 - CMSIS Pack Vendor :STMicroelectronics FP-ATR-SIGFOX1 3.2.0
2024-03-14 21:00:09,353 [INFO] ThirdParty:1030 - CMSIS Pack Vendor :STMicroelectronics X-CUBE-ISPU 2.0.0
2024-03-14 21:00:09,353 [INFO] ThirdParty:1030 - CMSIS Pack Vendor :STMicroelectronics X-CUBE-EEPRMA1 5.1.0
2024-03-14 21:00:09,353 [INFO] ThirdParty:1030 - CMSIS Pack Vendor :STMicroelectronics HAL Drivers 0.0.0
2024-03-14 21:00:09,353 [INFO] ThirdParty:1030 - CMSIS Pack Vendor :STMicroelectronics MBEDTLS 2.16.2
2024-03-14 21:00:09,353 [INFO] ThirdParty:1030 - CMSIS Pack Vendor :emotas I-CUBE-CANOPEN 1.3.0
2024-03-14 21:00:09,353 [INFO] ThirdParty:1030 - CMSIS Pack Vendor :STMicroelectronics X-CUBE-MEMS1 10.0.0
2024-03-14 21:00:09,353 [INFO] ThirdParty:1030 - CMSIS Pack Vendor :STMicroelectronics X-CUBE-FREERTOS 1.1.0
2024-03-14 21:00:09,353 [INFO] ThirdParty:1030 - CMSIS Pack Vendor :STMicroelectronics X-CUBE-NFC7 1.0.1
2024-03-14 21:00:09,353 [INFO] ThirdParty:1030 - CMSIS Pack Vendor :STMicroelectronics MBEDTLS 2.14.1
2024-03-14 21:00:09,353 [INFO] ThirdParty:1030 - CMSIS Pack Vendor :STMicroelectronics X-CUBE-NFC6 3.0.0
2024-03-14 21:00:09,353 [INFO] ThirdParty:1030 - CMSIS Pack Vendor :portGmbH I-Cube-SoM-uGOAL 1.1.0
2024-03-14 21:00:09,353 [INFO] ThirdParty:1030 - CMSIS Pack Vendor :STMicroelectronics X-CUBE-ALS 1.0.1
2024-03-14 21:00:09,353 [INFO] ThirdParty:1030 - CMSIS Pack Vendor :STMicroelectronics X-CUBE-BLEMGR 3.1.0
2024-03-14 21:00:09,353 [INFO] ThirdParty:1030 - CMSIS Pack Vendor :STMicroelectronics ThreadX 1.0.0
2024-03-14 21:00:09,353 [INFO] ThirdParty:1030 - CMSIS Pack Vendor :STMicroelectronics FP-SNS-SMARTAG2 1.2.0
2024-03-14 21:00:09,353 [INFO] ThirdParty:1030 - CMSIS Pack Vendor :STMicroelectronics X-CUBE-AZRTOS-WL 2.0.0
2024-03-14 21:00:09,353 [INFO] ThirdParty:1030 - CMSIS Pack Vendor :SEGGER I-CUBE-embOS 1.3.1
2024-03-14 21:00:09,353 [INFO] ThirdParty:1030 - CMSIS Pack Vendor :STMicroelectronics USB_DEVICE 1.0.0
2024-03-14 21:00:09,353 [INFO] ThirdParty:1030 - CMSIS Pack Vendor :STMicroelectronics X-CUBE-AI 8.1.0
2024-03-14 21:00:09,353 [INFO] ThirdParty:1030 - CMSIS Pack Vendor :STMicroelectronics X-CUBE-AZRTOS-L4 2.0.0
2024-03-14 21:00:09,353 [INFO] ThirdParty:1030 - CMSIS Pack Vendor :STMicroelectronics ThreadX 0.0.2
2024-03-14 21:00:09,353 [INFO] ThirdParty:1030 - CMSIS Pack Vendor :STMicroelectronics FP-ATR-ASTRA1 2.0.0
2024-03-14 21:00:09,353 [INFO] ThirdParty:1030 - CMSIS Pack Vendor :STMicroelectronics lwIP 2.1.2
2024-03-14 21:00:09,353 [INFO] ThirdParty:1030 - CMSIS Pack Vendor :STMicroelectronics X-CUBE-SFXS2LP1 4.0.0
2024-03-14 21:00:09,353 [INFO] ThirdParty:1030 - CMSIS Pack Vendor :STMicroelectronics X-CUBE-BLE2 3.3.0
2024-03-14 21:00:09,353 [INFO] ThirdParty:1030 - CMSIS Pack Vendor :STMicroelectronics X-CUBE-TOF1 3.4.1
2024-03-14 21:00:09,353 [INFO] ThirdParty:1030 - CMSIS Pack Vendor :STMicroelectronics X-CUBE-AZRTOS-H7 3.2.0
2024-03-14 21:00:09,353 [INFO] ThirdParty:1030 - CMSIS Pack Vendor :STMicroelectronics PDM2PCM 3.2.0
2024-03-14 21:00:09,353 [INFO] ThirdParty:841 - exiting critical section [change project]
2024-03-14 21:00:09,466 [INFO] PinOutPanel:1499 - setPackage(No Configuration,No Configuration)
2024-03-14 21:00:09,467 [INFO] PinOutPanel:1499 - setPackage(STM32F103C8Tx,LQFP48)
2024-03-14 21:00:09,733 [INFO] UtilMem:75 - Before build in PCC Used Memory: 893714104 Bytes (1073741824)
2024-03-14 21:00:10,202 [INFO] UtilMem:75 - After build in PCC Used Memory: 667990712 Bytes (1073741824)
2024-03-14 21:00:10,224 [INFO] IPUIPlugin:80 - create IPUIPlugin
2024-03-14 21:00:10,224 [INFO] IPUIPlugin:80 - create IPUIPlugin
2024-03-14 21:00:10,224 [INFO] IPUIPlugin:80 - create IPUIPlugin
2024-03-14 21:00:10,224 [INFO] IPUIPlugin:80 - create IPUIPlugin
2024-03-14 21:00:10,224 [INFO] IPUIPlugin:80 - create IPUIPlugin
2024-03-14 21:00:10,224 [INFO] IPUIPlugin:80 - create IPUIPlugin
2024-03-14 21:00:10,224 [INFO] IPUIPlugin:80 - create IPUIPlugin
2024-03-14 21:00:10,224 [INFO] IPUIPlugin:80 - create IPUIPlugin
2024-03-14 21:00:10,224 [INFO] IPUIPlugin:80 - create IPUIPlugin
2024-03-14 21:00:10,224 [INFO] IPUIPlugin:80 - create IPUIPlugin
2024-03-14 21:00:10,224 [INFO] IPUIPlugin:80 - create IPUIPlugin
2024-03-14 21:00:10,224 [INFO] IPUIPlugin:80 - create IPUIPlugin
2024-03-14 21:00:10,224 [INFO] IPUIPlugin:80 - create IPUIPlugin
2024-03-14 21:00:10,224 [INFO] IPUIPlugin:80 - create IPUIPlugin
2024-03-14 21:00:10,224 [INFO] IPUIPlugin:80 - create IPUIPlugin
2024-03-14 21:00:10,225 [INFO] IPUIPlugin:80 - create IPUIPlugin
2024-03-14 21:00:10,225 [INFO] IPUIPlugin:80 - create IPUIPlugin
2024-03-14 21:00:10,225 [INFO] IPUIPlugin:80 - create IPUIPlugin
2024-03-14 21:00:10,225 [INFO] IPUIPlugin:80 - create IPUIPlugin
2024-03-14 21:00:10,225 [INFO] IPUIPlugin:80 - create IPUIPlugin
2024-03-14 21:00:10,225 [INFO] IPUIPlugin:80 - create IPUIPlugin
2024-03-14 21:00:10,225 [INFO] IPUIPlugin:80 - create IPUIPlugin
2024-03-14 21:00:10,225 [INFO] IPUIPlugin:80 - create IPUIPlugin
2024-03-14 21:00:10,225 [INFO] IPUIPlugin:80 - create IPUIPlugin
2024-03-14 21:00:10,225 [INFO] IPUIPlugin:80 - create IPUIPlugin
2024-03-14 21:00:10,225 [INFO] IPUIPlugin:80 - create IPUIPlugin
2024-03-14 21:00:10,225 [INFO] IPUIPlugin:80 - create IPUIPlugin
2024-03-14 21:00:10,351 [INFO] CADModel:165 - CPN selected for project levelSTM32F103C8T6
2024-03-14 21:00:10,351 [INFO] CADModel:114 - Register for checkConnection events
2024-03-14 21:00:10,395 [INFO] OpenFileManager:343 - Restore cursor
2024-03-14 21:00:10,652 [INFO] UtilMem:75 - End SaveConfig() Used Memory: 850638752 Bytes (1073741824)
2024-03-14 21:00:10,677 [INFO] UtilMem:75 - End SaveConfig() Used Memory: 861952208 Bytes (1073741824)
2024-03-14 21:00:10,857 [INFO] BlockDiagram:2759 - set Specific Code input for plugin: NVIC
2024-03-14 21:00:10,857 [INFO] BlockDiagram:2759 - set Specific Code input for plugin: RCC
2024-03-14 21:00:10,858 [INFO] CodeGenerator:807 - code generatio: config db path: D:\Program Files\STM32CubeIDE_1.14.0\STM32CubeIDE\plugins\com.st.stm32cube.common.mx_6.10.0.202311202037\\db\
2024-03-14 21:00:11,004 [INFO] CodeEngine:255 - oldGeneratedFile, D:\Coding\stm32\blink\MXTmpFiles\license.tmp_save
2024-03-14 21:00:11,213 [INFO] CodeEngine:279 - Generated code: D:\Coding\stm32\blink\MXTmpFiles\license.tmp
2024-03-14 21:00:11,227 [INFO] CodeEngine:255 - oldGeneratedFile, D:\Coding\stm32\blink\Core\Src\stm32f1xx_it.c_save
2024-03-14 21:00:11,343 [INFO] CodeEngine:279 - Generated code: D:\Coding\stm32\blink\Core\Src\stm32f1xx_it.c
2024-03-14 21:00:11,350 [INFO] CodeEngine:255 - oldGeneratedFile, D:\Coding\stm32\blink\Core\Inc\stm32f1xx_it.h_save
2024-03-14 21:00:11,411 [INFO] CodeEngine:279 - Generated code: D:\Coding\stm32\blink\Core\Inc\stm32f1xx_it.h
2024-03-14 21:00:11,523 [INFO] CodeEngine:255 - oldGeneratedFile, D:\Coding\stm32\blink\Core\Src\stm32f1xx_hal_msp.c_save
2024-03-14 21:00:11,607 [INFO] CodeEngine:279 - Generated code: D:\Coding\stm32\blink\Core\Src\stm32f1xx_hal_msp.c
2024-03-14 21:00:11,615 [INFO] CodeEngine:255 - oldGeneratedFile, D:\Coding\stm32\blink\MXTmpFiles\system.tmp_save
2024-03-14 21:00:11,656 [INFO] CodeEngine:279 - Generated code: D:\Coding\stm32\blink\MXTmpFiles\system.tmp
2024-03-14 21:00:11,665 [INFO] CodeEngine:311 - oldGeneratedFile, D:\Coding\stm32\blink\Core\Inc\stm32f1xx_hal_conf.h_save
2024-03-14 21:00:11,722 [INFO] CodeEngine:335 - Generated code: D:\Coding\stm32\blink\Core\Inc\stm32f1xx_hal_conf.h
2024-03-14 21:00:11,750 [INFO] CodeEngine:255 - oldGeneratedFile, D:\Coding\stm32\blink\Core\Inc\main.h_save
2024-03-14 21:00:11,811 [INFO] CodeEngine:279 - Generated code: D:\Coding\stm32\blink\Core\Inc\main.h
2024-03-14 21:00:11,817 [INFO] CodeEngine:255 - oldGeneratedFile, D:\Coding\stm32\blink\Core\Src\main.c_save
2024-03-14 21:00:11,899 [INFO] CodeEngine:279 - Generated code: D:\Coding\stm32\blink\Core\Src\main.c
2024-03-14 21:00:12,140 [INFO] ProjectBuilder:3076 - Time for Copy HAL[1] : 53mS.
2024-03-14 21:00:12,143 [INFO] ProjectBuilder:4485 - Project Generator version: 4.2.0-B44
2024-03-14 21:00:12,285 [INFO] ConfigFileManager:1495 - The Die is : DIE410
2024-03-14 21:00:12,315 [INFO] ApiDbMcu:508 - Load IP Config File for FATFS
2024-03-14 21:00:12,325 [INFO] ApiDbMcu:508 - Load IP Config File for FREERTOS
2024-03-14 21:00:12,334 [INFO] ApiDbMcu:508 - Load IP Config File for USB_DEVICE
2024-03-14 21:00:12,880 [INFO] LogOutputStream:77 - [STDOUT_REDIRECT] 
2024-03-14 21:00:14,902 [INFO] ProjectBuilder:4747 - Time for Generating toolchain IDE Files: 2759mS.
2024-03-14 21:00:14,903 [INFO] ProjectBuilder:2947 - Time for Copy CMSIS : 1mS.
2024-03-14 21:00:14,904 [INFO] ProjectBuilder:2947 - Time for Copy CMSIS : 0mS.
2024-03-14 21:00:15,600 [INFO] McuFinderGlobals:76 - Set McuFinderConnectedMode to true
2024-03-14 21:00:15,602 [INFO] ApiDb:448 - Save user favorites file C:\Users\meiqingyu/.stm32cubeide/favorites.mcus.txt: 1 item(s)
2024-03-14 21:00:15,602 [INFO] ApiDb:452 - User favorites MCUs=[STM32F103C8T6]
2024-03-14 21:00:18,108 [ERROR] ConfigurationRetriever:142 - IOException on connection: Read timed out
2024-03-14 21:00:33,335 [INFO] Gpio:277 - dependency for GPIO []
2024-03-14 21:00:49,043 [INFO] UtilMem:75 - End SaveConfig() Used Memory: 706278280 Bytes (1073741824)
2024-03-14 21:00:49,070 [INFO] UtilMem:75 - End SaveConfig() Used Memory: 718210696 Bytes (1073741824)
2024-03-14 21:00:49,449 [INFO] UtilMem:75 - End SaveConfig() Used Memory: 752703480 Bytes (1073741824)
2024-03-14 21:00:49,579 [INFO] BlockDiagram:2759 - set Specific Code input for plugin: NVIC
2024-03-14 21:00:49,580 [INFO] BlockDiagram:2759 - set Specific Code input for plugin: GPIO
2024-03-14 21:00:49,580 [INFO] BlockDiagram:2759 - set Specific Code input for plugin: RCC
2024-03-14 21:00:49,580 [INFO] CodeGenerator:807 - code generatio: config db path: D:\Program Files\STM32CubeIDE_1.14.0\STM32CubeIDE\plugins\com.st.stm32cube.common.mx_6.10.0.202311202037\\db\
2024-03-14 21:00:49,637 [INFO] CodeEngine:255 - oldGeneratedFile, D:\Coding\stm32\blink\MXTmpFiles\license.tmp_save
2024-03-14 21:00:49,685 [INFO] CodeEngine:279 - Generated code: D:\Coding\stm32\blink\MXTmpFiles\license.tmp
2024-03-14 21:00:49,718 [INFO] CodeEngine:255 - oldGeneratedFile, D:\Coding\stm32\blink\MXTmpFiles\gpio.tmp_save
2024-03-14 21:00:49,774 [INFO] CodeEngine:279 - Generated code: D:\Coding\stm32\blink\MXTmpFiles\gpio.tmp
2024-03-14 21:00:49,784 [INFO] CodeEngine:255 - oldGeneratedFile, D:\Coding\stm32\blink\Core\Src\stm32f1xx_it.c_save
2024-03-14 21:00:49,825 [INFO] CodeEngine:279 - Generated code: D:\Coding\stm32\blink\Core\Src\stm32f1xx_it.c
2024-03-14 21:00:49,828 [INFO] CodeEngine:255 - oldGeneratedFile, D:\Coding\stm32\blink\Core\Inc\stm32f1xx_it.h_save
2024-03-14 21:00:49,868 [INFO] CodeEngine:279 - Generated code: D:\Coding\stm32\blink\Core\Inc\stm32f1xx_it.h
2024-03-14 21:00:49,879 [INFO] CodeEngine:255 - oldGeneratedFile, D:\Coding\stm32\blink\Core\Src\stm32f1xx_hal_msp.c_save
2024-03-14 21:00:49,922 [INFO] CodeEngine:279 - Generated code: D:\Coding\stm32\blink\Core\Src\stm32f1xx_hal_msp.c
2024-03-14 21:00:49,925 [INFO] CodeEngine:255 - oldGeneratedFile, D:\Coding\stm32\blink\MXTmpFiles\system.tmp_save
2024-03-14 21:00:49,959 [INFO] CodeEngine:279 - Generated code: D:\Coding\stm32\blink\MXTmpFiles\system.tmp
2024-03-14 21:00:49,968 [INFO] CodeEngine:311 - oldGeneratedFile, D:\Coding\stm32\blink\Core\Inc\stm32f1xx_hal_conf.h_save
2024-03-14 21:00:50,018 [INFO] CodeEngine:335 - Generated code: D:\Coding\stm32\blink\Core\Inc\stm32f1xx_hal_conf.h
2024-03-14 21:00:50,038 [INFO] CodeEngine:255 - oldGeneratedFile, D:\Coding\stm32\blink\Core\Inc\main.h_save
2024-03-14 21:00:50,094 [INFO] CodeEngine:279 - Generated code: D:\Coding\stm32\blink\Core\Inc\main.h
2024-03-14 21:00:50,102 [INFO] CodeEngine:255 - oldGeneratedFile, D:\Coding\stm32\blink\Core\Src\main.c_save
2024-03-14 21:00:50,161 [INFO] CodeEngine:279 - Generated code: D:\Coding\stm32\blink\Core\Src\main.c
2024-03-14 21:00:50,418 [INFO] ProjectBuilder:3076 - Time for Copy HAL[1] : 57mS.
2024-03-14 21:00:50,419 [INFO] ProjectBuilder:4485 - Project Generator version: 4.2.0-B44
2024-03-14 21:00:50,543 [INFO] ConfigFileManager:1495 - The Die is : DIE410
2024-03-14 21:00:51,448 [INFO] ProjectBuilder:4747 - Time for Generating toolchain IDE Files: 1029mS.
2024-03-14 21:00:51,449 [INFO] ProjectBuilder:2947 - Time for Copy CMSIS : 1mS.
2024-03-14 21:00:51,449 [INFO] ProjectBuilder:2947 - Time for Copy CMSIS : 0mS.
2024-03-14 21:09:11,725 [ERROR] ConfigurationRetriever:142 - IOException on connection: Read timed out
2024-03-14 21:10:21,352 [INFO] Gpio:277 - dependency for GPIO []
2024-03-14 21:10:23,950 [INFO] Gpio:277 - dependency for GPIO []
2024-03-14 21:11:06,727 [INFO] UtilMem:75 - End SaveConfig() Used Memory: 516060832 Bytes (697303040)
2024-03-14 21:11:06,757 [INFO] UtilMem:75 - End SaveConfig() Used Memory: 528368512 Bytes (697303040)
2024-03-14 21:11:07,042 [INFO] UtilMem:75 - End SaveConfig() Used Memory: 554327832 Bytes (697303040)
2024-03-14 21:11:07,224 [INFO] BlockDiagram:2759 - set Specific Code input for plugin: NVIC
2024-03-14 21:11:07,224 [INFO] BlockDiagram:2759 - set Specific Code input for plugin: GPIO
2024-03-14 21:11:07,224 [INFO] BlockDiagram:2759 - set Specific Code input for plugin: RCC
2024-03-14 21:11:07,225 [INFO] CodeGenerator:807 - code generatio: config db path: D:\Program Files\STM32CubeIDE_1.14.0\STM32CubeIDE\plugins\com.st.stm32cube.common.mx_6.10.0.202311202037\\db\
2024-03-14 21:11:07,281 [INFO] CodeEngine:255 - oldGeneratedFile, D:\Coding\stm32\blink\MXTmpFiles\license.tmp_save
2024-03-14 21:11:07,325 [INFO] CodeEngine:279 - Generated code: D:\Coding\stm32\blink\MXTmpFiles\license.tmp
2024-03-14 21:11:07,333 [INFO] CodeEngine:255 - oldGeneratedFile, D:\Coding\stm32\blink\MXTmpFiles\gpio.tmp_save
2024-03-14 21:11:07,385 [INFO] CodeEngine:279 - Generated code: D:\Coding\stm32\blink\MXTmpFiles\gpio.tmp
2024-03-14 21:11:07,398 [INFO] CodeEngine:255 - oldGeneratedFile, D:\Coding\stm32\blink\Core\Src\stm32f1xx_it.c_save
2024-03-14 21:11:07,447 [INFO] CodeEngine:279 - Generated code: D:\Coding\stm32\blink\Core\Src\stm32f1xx_it.c
2024-03-14 21:11:07,451 [INFO] CodeEngine:255 - oldGeneratedFile, D:\Coding\stm32\blink\Core\Inc\stm32f1xx_it.h_save
2024-03-14 21:11:07,491 [INFO] CodeEngine:279 - Generated code: D:\Coding\stm32\blink\Core\Inc\stm32f1xx_it.h
2024-03-14 21:11:07,505 [INFO] CodeEngine:255 - oldGeneratedFile, D:\Coding\stm32\blink\Core\Src\stm32f1xx_hal_msp.c_save
2024-03-14 21:11:07,558 [INFO] CodeEngine:279 - Generated code: D:\Coding\stm32\blink\Core\Src\stm32f1xx_hal_msp.c
2024-03-14 21:11:07,560 [INFO] CodeEngine:255 - oldGeneratedFile, D:\Coding\stm32\blink\MXTmpFiles\system.tmp_save
2024-03-14 21:11:07,598 [INFO] CodeEngine:279 - Generated code: D:\Coding\stm32\blink\MXTmpFiles\system.tmp
2024-03-14 21:11:07,605 [INFO] CodeEngine:311 - oldGeneratedFile, D:\Coding\stm32\blink\Core\Inc\stm32f1xx_hal_conf.h_save
2024-03-14 21:11:07,656 [INFO] CodeEngine:335 - Generated code: D:\Coding\stm32\blink\Core\Inc\stm32f1xx_hal_conf.h
2024-03-14 21:11:07,673 [INFO] CodeEngine:255 - oldGeneratedFile, D:\Coding\stm32\blink\Core\Inc\main.h_save
2024-03-14 21:11:07,725 [INFO] CodeEngine:279 - Generated code: D:\Coding\stm32\blink\Core\Inc\main.h
2024-03-14 21:11:07,732 [INFO] CodeEngine:255 - oldGeneratedFile, D:\Coding\stm32\blink\Core\Src\main.c_save
2024-03-14 21:11:07,789 [INFO] CodeEngine:279 - Generated code: D:\Coding\stm32\blink\Core\Src\main.c
2024-03-14 21:11:07,981 [INFO] ProjectBuilder:3076 - Time for Copy HAL[1] : 58mS.
2024-03-14 21:11:08,015 [INFO] ProjectBuilder:4485 - Project Generator version: 4.2.0-B44
2024-03-14 21:11:08,149 [INFO] ConfigFileManager:1495 - The Die is : DIE410
2024-03-14 21:11:08,710 [INFO] ProjectBuilder:4747 - Time for Generating toolchain IDE Files: 695mS.
2024-03-14 21:11:08,710 [INFO] ProjectBuilder:2947 - Time for Copy CMSIS : 0mS.
2024-03-14 21:11:08,711 [INFO] ProjectBuilder:2947 - Time for Copy CMSIS : 0mS.
2024-03-14 21:11:10,812 [ERROR] ConfigurationRetriever:142 - IOException on connection: Read timed out
2024-03-14 21:23:22,948 [ERROR] LogOutputStream:75 - [STDERR_REDIRECT] 
